The selected window backend is x11 
Mono path[0] = '/home/killingwhales/.local/share/Steam/steamapps/common/Core Keeper/CoreKeeper_Data/Managed'
Mono config path = '/home/killingwhales/.local/share/Steam/steamapps/common/Core Keeper/CoreKeeper_Data/MonoBleedingEdge/etc'
Failed to open plugin: /home/killingwhales/.local/share/Steam/steamapps/common/Core Keeper/CoreKeeper_Data/Plugins/libsentry.so
JobSystem: Creating JobQueue using job-worker-count value 4
Input System module state changed to: Initialized.
Display 0 'eDP-1 15"': 1920x1080 (primary device).
[Physics::Module] Initialized fallback backend.
[Physics::Module] Id: 0xdecafbad
Loading player data from /home/killingwhales/.local/share/Steam/steamapps/common/Core Keeper/CoreKeeper_Data/data.unity3d
Unable to load player prefs
Desktop is 1920 x 1080 @ 144 Hz
[Vulkan init] extensions: count=25
[Vulkan init] extensions: name=VK_EXT_acquire_drm_display [enabled=0, external=0]
[Vulkan init] extensions: name=VK_EXT_acquire_xlib_display [enabled=0, external=0]
[Vulkan init] extensions: name=VK_EXT_debug_report [enabled=0, external=0]
[Vulkan init] extensions: name=VK_EXT_debug_utils [enabled=0, external=0]
[Vulkan init] extensions: name=VK_EXT_direct_mode_display [enabled=0, external=0]
[Vulkan init] extensions: name=VK_EXT_display_surface_counter [enabled=0, external=0]
[Vulkan init] extensions: name=VK_EXT_headless_surface [enabled=0, external=0]
[Vulkan init] extensions: name=VK_EXT_surface_maintenance1 [enabled=0, external=0]
[Vulkan init] extensions: name=VK_EXT_swapchain_colorspace [enabled=1, external=0]
[Vulkan init] extensions: name=VK_KHR_device_group_creation [enabled=0, external=0]
[Vulkan init] extensions: name=VK_KHR_display [enabled=1, external=0]
[Vulkan init] extensions: name=VK_KHR_external_fence_capabilities [enabled=1, external=0]
[Vulkan init] extensions: name=VK_KHR_external_memory_capabilities [enabled=1, external=0]
[Vulkan init] extensions: name=VK_KHR_external_semaphore_capabilities [enabled=1, external=0]
[Vulkan init] extensions: name=VK_KHR_get_display_properties2 [enabled=0, external=0]
[Vulkan init] extensions: name=VK_KHR_get_physical_device_properties2 [enabled=1, external=0]
[Vulkan init] extensions: name=VK_KHR_get_surface_capabilities2 [enabled=0, external=0]
[Vulkan init] extensions: name=VK_KHR_portability_enumeration [enabled=0, external=0]
[Vulkan init] extensions: name=VK_KHR_surface [enabled=1, external=0]
[Vulkan init] extensions: name=VK_KHR_surface_protected_capabilities [enabled=0, external=0]
[Vulkan init] extensions: name=VK_KHR_wayland_surface [enabled=1, external=0]
[Vulkan init] extensions: name=VK_KHR_xcb_surface [enabled=0, external=0]
[Vulkan init] extensions: name=VK_KHR_xlib_surface [enabled=1, external=0]
[Vulkan init] extensions: name=VK_LUNARG_direct_driver_loading [enabled=0, external=0]
[Vulkan init] extensions: name=VK_NV_display_stereo [enabled=0, external=0]
[Vulkan init] SelectPhysicalDevice requestedDeviceIndex=-1 xrDevice=(nil)
Inconsistent value (1) for DRI_PRIME. Should be < 1 (GPU devices count). Using: 0
[Vulkan init] Physical Device 0x3ef03760 [0]: "Intel(R) Graphics (RPL-P)" deviceType=1 vendorID=8086 deviceID=a7a8
Vulkan detection: 2
Initialize engine version: 6000.0.58f2 (92dee566b325)
[Subsystems] Discovering subsystems at path /home/killingwhales/.local/share/Steam/steamapps/common/Core Keeper/CoreKeeper_Data/UnitySubsystems
GfxDevice: creating device client; kGfxThreadingModeClientWorkerNativeJobs
[Vulkan init] extensions: count=25
[Vulkan init] extensions: name=VK_EXT_acquire_drm_display [enabled=0, external=0]
[Vulkan init] extensions: name=VK_EXT_acquire_xlib_display [enabled=0, external=0]
[Vulkan init] extensions: name=VK_EXT_debug_report [enabled=0, external=0]
[Vulkan init] extensions: name=VK_EXT_debug_utils [enabled=0, external=0]
[Vulkan init] extensions: name=VK_EXT_direct_mode_display [enabled=0, external=0]
[Vulkan init] extensions: name=VK_EXT_display_surface_counter [enabled=0, external=0]
[Vulkan init] extensions: name=VK_EXT_headless_surface [enabled=0, external=0]
[Vulkan init] extensions: name=VK_EXT_surface_maintenance1 [enabled=0, external=0]
[Vulkan init] extensions: name=VK_EXT_swapchain_colorspace [enabled=1, external=0]
[Vulkan init] extensions: name=VK_KHR_device_group_creation [enabled=0, external=0]
[Vulkan init] extensions: name=VK_KHR_display [enabled=1, external=0]
[Vulkan init] extensions: name=VK_KHR_external_fence_capabilities [enabled=1, external=0]
[Vulkan init] extensions: name=VK_KHR_external_memory_capabilities [enabled=1, external=0]
[Vulkan init] extensions: name=VK_KHR_external_semaphore_capabilities [enabled=1, external=0]
[Vulkan init] extensions: name=VK_KHR_get_display_properties2 [enabled=0, external=0]
[Vulkan init] extensions: name=VK_KHR_get_physical_device_properties2 [enabled=1, external=0]
[Vulkan init] extensions: name=VK_KHR_get_surface_capabilities2 [enabled=0, external=0]
[Vulkan init] extensions: name=VK_KHR_portability_enumeration [enabled=0, external=0]
[Vulkan init] extensions: name=VK_KHR_surface [enabled=1, external=0]
[Vulkan init] extensions: name=VK_KHR_surface_protected_capabilities [enabled=0, external=0]
[Vulkan init] extensions: name=VK_KHR_wayland_surface [enabled=1, external=0]
[Vulkan init] extensions: name=VK_KHR_xcb_surface [enabled=0, external=0]
[Vulkan init] extensions: name=VK_KHR_xlib_surface [enabled=1, external=0]
[Vulkan init] extensions: name=VK_LUNARG_direct_driver_loading [enabled=0, external=0]
[Vulkan init] extensions: name=VK_NV_display_stereo [enabled=0, external=0]
[Vulkan init] SelectPhysicalDevice requestedDeviceIndex=-1 xrDevice=(nil)
[Vulkan init] Physical Device 0x3ef66540 [0]: "Intel(R) Graphics (RPL-P)" deviceType=1 vendorID=8086 deviceID=a7a8
[Vulkan init] Selected physical device 0x3ef66540
[Vulkan init] Graphics queue count=1
[Vulkan init] extensions: count=178
[Vulkan init] extensions: name=VK_AMD_buffer_marker [enabled=0, external=0]
[Vulkan init] extensions: name=VK_EXT_4444_formats [enabled=1, external=0]
[Vulkan init] extensions: name=VK_EXT_attachment_feedback_loop_dynamic_state [enabled=0, external=0]
[Vulkan init] extensions: name=VK_EXT_attachment_feedback_loop_layout [enabled=0, external=0]
[Vulkan init] extensions: name=VK_EXT_border_color_swizzle [enabled=0, external=0]
[Vulkan init] extensions: name=VK_EXT_buffer_device_address [enabled=0, external=0]
[Vulkan init] extensions: name=VK_EXT_calibrated_timestamps [enabled=0, external=0]
[Vulkan init] extensions: name=VK_EXT_color_write_enable [enabled=0, external=0]
[Vulkan init] extensions: name=VK_EXT_conditional_rendering [enabled=0, external=0]
[Vulkan init] extensions: name=VK_EXT_conservative_rasterization [enabled=1, external=0]
[Vulkan init] extensions: name=VK_EXT_custom_border_color [enabled=0, external=0]
[Vulkan init] extensions: name=VK_EXT_depth_bias_control [enabled=0, external=0]
[Vulkan init] extensions: name=VK_EXT_depth_clamp_control [enabled=0, external=0]
[Vulkan init] extensions: name=VK_EXT_depth_clamp_zero_one [enabled=0, external=0]
[Vulkan init] extensions: name=VK_EXT_depth_clip_control [enabled=0, external=0]
[Vulkan init] extensions: name=VK_EXT_depth_clip_enable [enabled=0, external=0]
[Vulkan init] extensions: name=VK_EXT_descriptor_buffer [enabled=0, external=0]
[Vulkan init] extensions: name=VK_EXT_descriptor_indexing [enabled=0, external=0]
[Vulkan init] extensions: name=VK_EXT_device_memory_report [enabled=0, external=0]
[Vulkan init] extensions: name=VK_EXT_display_control [enabled=0, external=0]
[Vulkan init] extensions: name=VK_EXT_dynamic_rendering_unused_attachments [enabled=0, external=0]
[Vulkan init] extensions: name=VK_EXT_extended_dynamic_state [enabled=0, external=0]
[Vulkan init] extensions: name=VK_EXT_extended_dynamic_state2 [enabled=0, external=0]
[Vulkan init] extensions: name=VK_EXT_extended_dynamic_state3 [enabled=0, external=0]
[Vulkan init] extensions: name=VK_EXT_external_memory_acquire_unmodified [enabled=0, external=0]
[Vulkan init] extensions: name=VK_EXT_external_memory_dma_buf [enabled=0, external=0]
[Vulkan init] extensions: name=VK_EXT_external_memory_host [enabled=1, external=0]
[Vulkan init] extensions: name=VK_EXT_fragment_shader_interlock [enabled=0, external=0]
[Vulkan init] extensions: name=VK_EXT_global_priority [enabled=0, external=0]
[Vulkan init] extensions: name=VK_EXT_global_priority_query [enabled=0, external=0]
[Vulkan init] extensions: name=VK_EXT_graphics_pipeline_library [enabled=0, external=0]
[Vulkan init] extensions: name=VK_EXT_hdr_metadata [enabled=1, external=0]
[Vulkan init] extensions: name=VK_EXT_host_image_copy [enabled=0, external=0]
[Vulkan init] extensions: name=VK_EXT_host_query_reset [enabled=0, external=0]
[Vulkan init] extensions: name=VK_EXT_image_2d_view_of_3d [enabled=0, external=0]
[Vulkan init] extensions: name=VK_EXT_image_drm_format_modifier [enabled=0, external=0]
[Vulkan init] extensions: name=VK_EXT_image_robustness [enabled=0, external=0]
[Vulkan init] extensions: name=VK_EXT_image_sliced_view_of_3d [enabled=0, external=0]
[Vulkan init] extensions: name=VK_EXT_image_view_min_lod [enabled=0, external=0]
[Vulkan init] extensions: name=VK_EXT_index_type_uint8 [enabled=0, external=0]
[Vulkan init] extensions: name=VK_EXT_inline_uniform_block [enabled=0, external=0]
[Vulkan init] extensions: name=VK_EXT_legacy_dithering [enabled=0, external=0]
[Vulkan init] extensions: name=VK_EXT_legacy_vertex_attributes [enabled=0, external=0]
[Vulkan init] extensions: name=VK_EXT_line_rasterization [enabled=0, external=0]
[Vulkan init] extensions: name=VK_EXT_load_store_op_none [enabled=1, external=0]
[Vulkan init] extensions: name=VK_EXT_map_memory_placed [enabled=0, external=0]
[Vulkan init] extensions: name=VK_EXT_memory_budget [enabled=1, external=0]
[Vulkan init] extensions: name=VK_EXT_multi_draw [enabled=0, external=0]
[Vulkan init] extensions: name=VK_EXT_mutable_descriptor_type [enabled=0, external=0]
[Vulkan init] extensions: name=VK_EXT_nested_command_buffer [enabled=0, external=0]
[Vulkan init] extensions: name=VK_EXT_non_seamless_cube_map [enabled=0, external=0]
[Vulkan init] extensions: name=VK_EXT_pci_bus_info [enabled=0, external=0]
[Vulkan init] extensions: name=VK_EXT_physical_device_drm [enabled=0, external=0]
[Vulkan init] extensions: name=VK_EXT_pipeline_creation_cache_control [enabled=0, external=0]
[Vulkan init] extensions: name=VK_EXT_pipeline_creation_feedback [enabled=0, external=0]
[Vulkan init] extensions: name=VK_EXT_pipeline_protected_access [enabled=0, external=0]
[Vulkan init] extensions: name=VK_EXT_pipeline_robustness [enabled=0, external=0]
[Vulkan init] extensions: name=VK_EXT_post_depth_coverage [enabled=0, external=0]
[Vulkan init] extensions: name=VK_EXT_primitive_topology_list_restart [enabled=0, external=0]
[Vulkan init] extensions: name=VK_EXT_primitives_generated_query [enabled=0, external=0]
[Vulkan init] extensions: name=VK_EXT_private_data [enabled=0, external=0]
[Vulkan init] extensions: name=VK_EXT_provoking_vertex [enabled=0, external=0]
[Vulkan init] extensions: name=VK_EXT_queue_family_foreign [enabled=1, external=0]
[Vulkan init] extensions: name=VK_EXT_robustness2 [enabled=0, external=0]
[Vulkan init] extensions: name=VK_EXT_sample_locations [enabled=0, external=0]
[Vulkan init] extensions: name=VK_EXT_sampler_filter_minmax [enabled=0, external=0]
[Vulkan init] extensions: name=VK_EXT_scalar_block_layout [enabled=1, external=0]
[Vulkan init] extensions: name=VK_EXT_separate_stencil_usage [enabled=0, external=0]
[Vulkan init] extensions: name=VK_EXT_shader_atomic_float [enabled=0, external=0]
[Vulkan init] extensions: name=VK_EXT_shader_atomic_float2 [enabled=0, external=0]
[Vulkan init] extensions: name=VK_EXT_shader_demote_to_helper_invocation [enabled=0, external=0]
[Vulkan init] extensions: name=VK_EXT_shader_image_atomic_int64 [enabled=0, external=0]
[Vulkan init] extensions: name=VK_EXT_shader_module_identifier [enabled=0, external=0]
[Vulkan init] extensions: name=VK_EXT_shader_replicated_composites [enabled=0, external=0]
[Vulkan init] extensions: name=VK_EXT_shader_stencil_export [enabled=0, external=0]
[Vulkan init] extensions: name=VK_EXT_shader_subgroup_ballot [enabled=0, external=0]
[Vulkan init] extensions: name=VK_EXT_shader_subgroup_vote [enabled=0, external=0]
[Vulkan init] extensions: name=VK_EXT_shader_viewport_index_layer [enabled=1, external=0]
[Vulkan init] extensions: name=VK_EXT_subgroup_size_control [enabled=0, external=0]
[Vulkan init] extensions: name=VK_EXT_swapchain_maintenance1 [enabled=0, external=0]
[Vulkan init] extensions: name=VK_EXT_texel_buffer_alignment [enabled=0, external=0]
[Vulkan init] extensions: name=VK_EXT_tooling_info [enabled=0, external=0]
[Vulkan init] extensions: name=VK_EXT_transform_feedback [enabled=0, external=0]
[Vulkan init] extensions: name=VK_EXT_vertex_attribute_divisor [enabled=0, external=0]
[Vulkan init] extensions: name=VK_EXT_vertex_input_dynamic_state [enabled=1, external=0]
[Vulkan init] extensions: name=VK_EXT_ycbcr_2plane_444_formats [enabled=0, external=0]
[Vulkan init] extensions: name=VK_EXT_ycbcr_image_arrays [enabled=0, external=0]
[Vulkan init] extensions: name=VK_GOOGLE_decorate_string [enabled=0, external=0]
[Vulkan init] extensions: name=VK_GOOGLE_hlsl_functionality1 [enabled=0, external=0]
[Vulkan init] extensions: name=VK_GOOGLE_user_type [enabled=0, external=0]
[Vulkan init] extensions: name=VK_INTEL_shader_integer_functions2 [enabled=0, external=0]
[Vulkan init] extensions: name=VK_KHR_16bit_storage [enabled=1, external=0]
[Vulkan init] extensions: name=VK_KHR_8bit_storage [enabled=0, external=0]
[Vulkan init] extensions: name=VK_KHR_bind_memory2 [enabled=1, external=0]
[Vulkan init] extensions: name=VK_KHR_buffer_device_address [enabled=0, external=0]
[Vulkan init] extensions: name=VK_KHR_calibrated_timestamps [enabled=0, external=0]
[Vulkan init] extensions: name=VK_KHR_compute_shader_derivatives [enabled=0, external=0]
[Vulkan init] extensions: name=VK_KHR_copy_commands2 [enabled=0, external=0]
[Vulkan init] extensions: name=VK_KHR_create_renderpass2 [enabled=1, external=0]
[Vulkan init] extensions: name=VK_KHR_dedicated_allocation [enabled=1, external=0]
[Vulkan init] extensions: name=VK_KHR_deferred_host_operations [enabled=0, external=0]
[Vulkan init] extensions: name=VK_KHR_depth_clamp_zero_one [enabled=0, external=0]
[Vulkan init] extensions: name=VK_KHR_depth_stencil_resolve [enabled=1, external=0]
[Vulkan init] extensions: name=VK_KHR_descriptor_update_template [enabled=1, external=0]
[Vulkan init] extensions: name=VK_KHR_device_group [enabled=0, external=0]
[Vulkan init] extensions: name=VK_KHR_draw_indirect_count [enabled=0, external=0]
[Vulkan init] extensions: name=VK_KHR_driver_properties [enabled=1, external=0]
[Vulkan init] extensions: name=VK_KHR_dynamic_rendering [enabled=0, external=0]
[Vulkan init] extensions: name=VK_KHR_dynamic_rendering_local_read [enabled=0, external=0]
[Vulkan init] extensions: name=VK_KHR_external_fence [enabled=1, external=0]
[Vulkan init] extensions: name=VK_KHR_external_fence_fd [enabled=1, external=0]
[Vulkan init] extensions: name=VK_KHR_external_memory [enabled=1, external=0]
[Vulkan init] extensions: name=VK_KHR_external_memory_fd [enabled=1, external=0]
[Vulkan init] extensions: name=VK_KHR_external_semaphore [enabled=1, external=0]
[Vulkan init] extensions: name=VK_KHR_external_semaphore_fd [enabled=1, external=0]
[Vulkan init] extensions: name=VK_KHR_format_feature_flags2 [enabled=0, external=0]
[Vulkan init] extensions: name=VK_KHR_fragment_shading_rate [enabled=1, external=0]
[Vulkan init] extensions: name=VK_KHR_get_memory_requirements2 [enabled=1, external=0]
[Vulkan init] extensions: name=VK_KHR_global_priority [enabled=0, external=0]
[Vulkan init] extensions: name=VK_KHR_image_format_list [enabled=1, external=0]
[Vulkan init] extensions: name=VK_KHR_imageless_framebuffer [enabled=0, external=0]
[Vulkan init] extensions: name=VK_KHR_incremental_present [enabled=0, external=0]
[Vulkan init] extensions: name=VK_KHR_index_type_uint8 [enabled=0, external=0]
[Vulkan init] extensions: name=VK_KHR_line_rasterization [enabled=0, external=0]
[Vulkan init] extensions: name=VK_KHR_load_store_op_none [enabled=0, external=0]
[Vulkan init] extensions: name=VK_KHR_maintenance1 [enabled=1, external=0]
[Vulkan init] extensions: name=VK_KHR_maintenance2 [enabled=1, external=0]
[Vulkan init] extensions: name=VK_KHR_maintenance3 [enabled=0, external=0]
[Vulkan init] extensions: name=VK_KHR_maintenance4 [enabled=0, external=0]
[Vulkan init] extensions: name=VK_KHR_maintenance5 [enabled=0, external=0]
[Vulkan init] extensions: name=VK_KHR_maintenance6 [enabled=0, external=0]
[Vulkan init] extensions: name=VK_KHR_maintenance7 [enabled=0, external=0]
[Vulkan init] extensions: name=VK_KHR_maintenance9 [enabled=0, external=0]
[Vulkan init] extensions: name=VK_KHR_map_memory2 [enabled=0, external=0]
[Vulkan init] extensions: name=VK_KHR_multiview [enabled=1, external=0]
[Vulkan init] extensions: name=VK_KHR_pipeline_executable_properties [enabled=0, external=0]
[Vulkan init] extensions: name=VK_KHR_pipeline_library [enabled=0, external=0]
[Vulkan init] extensions: name=VK_KHR_present_id [enabled=1, external=0]
[Vulkan init] extensions: name=VK_KHR_present_id2 [enabled=0, external=0]
[Vulkan init] extensions: name=VK_KHR_present_wait [enabled=1, external=0]
[Vulkan init] extensions: name=VK_KHR_present_wait2 [enabled=0, external=0]
[Vulkan init] extensions: name=VK_KHR_push_descriptor [enabled=0, external=0]
[Vulkan init] extensions: name=VK_KHR_relaxed_block_layout [enabled=0, external=0]
[Vulkan init] extensions: name=VK_KHR_robustness2 [enabled=0, external=0]
[Vulkan init] extensions: name=VK_KHR_sampler_mirror_clamp_to_edge [enabled=1, external=0]
[Vulkan init] extensions: name=VK_KHR_sampler_ycbcr_conversion [enabled=1, external=0]
[Vulkan init] extensions: name=VK_KHR_separate_depth_stencil_layouts [enabled=0, external=0]
[Vulkan init] extensions: name=VK_KHR_shader_atomic_int64 [enabled=1, external=0]
[Vulkan init] extensions: name=VK_KHR_shader_clock [enabled=0, external=0]
[Vulkan init] extensions: name=VK_KHR_shader_draw_parameters [enabled=0, external=0]
[Vulkan init] extensions: name=VK_KHR_shader_expect_assume [enabled=0, external=0]
[Vulkan init] extensions: name=VK_KHR_shader_float16_int8 [enabled=1, external=0]
[Vulkan init] extensions: name=VK_KHR_shader_float_controls [enabled=0, external=0]
[Vulkan init] extensions: name=VK_KHR_shader_float_controls2 [enabled=0, external=0]
[Vulkan init] extensions: name=VK_KHR_shader_integer_dot_product [enabled=0, external=0]
[Vulkan init] extensions: name=VK_KHR_shader_maximal_reconvergence [enabled=0, external=0]
[Vulkan init] extensions: name=VK_KHR_shader_non_semantic_info [enabled=1, external=0]
[Vulkan init] extensions: name=VK_KHR_shader_quad_control [enabled=0, external=0]
[Vulkan init] extensions: name=VK_KHR_shader_relaxed_extended_instruction [enabled=0, external=0]
[Vulkan init] extensions: name=VK_KHR_shader_subgroup_extended_types [enabled=0, external=0]
[Vulkan init] extensions: name=VK_KHR_shader_subgroup_rotate [enabled=0, external=0]
[Vulkan init] extensions: name=VK_KHR_shader_subgroup_uniform_control_flow [enabled=0, external=0]
[Vulkan init] extensions: name=VK_KHR_shader_terminate_invocation [enabled=0, external=0]
[Vulkan init] extensions: name=VK_KHR_spirv_1_4 [enabled=0, external=0]
[Vulkan init] extensions: name=VK_KHR_storage_buffer_storage_class [enabled=1, external=0]
[Vulkan init] extensions: name=VK_KHR_swapchain [enabled=1, external=0]
[Vulkan init] extensions: name=VK_KHR_swapchain_mutable_format [enabled=1, external=0]
[Vulkan init] extensions: name=VK_KHR_synchronization2 [enabled=0, external=0]
[Vulkan init] extensions: name=VK_KHR_timeline_semaphore [enabled=0, external=0]
[Vulkan init] extensions: name=VK_KHR_uniform_buffer_standard_layout [enabled=0, external=0]
[Vulkan init] extensions: name=VK_KHR_variable_pointers [enabled=0, external=0]
[Vulkan init] extensions: name=VK_KHR_vertex_attribute_divisor [enabled=0, external=0]
[Vulkan init] extensions: name=VK_KHR_vulkan_memory_model [enabled=0, external=0]
[Vulkan init] extensions: name=VK_KHR_workgroup_memory_explicit_layout [enabled=0, external=0]
[Vulkan init] extensions: name=VK_KHR_zero_initialize_workgroup_memory [enabled=0, external=0]
[Vulkan init] extensions: name=VK_MESA_image_alignment_control [enabled=0, external=0]
[Vulkan init] extensions: name=VK_NV_compute_shader_derivatives [enabled=0, external=0]
[Vulkan init] extensions: name=VK_VALVE_mutable_descriptor_type [enabled=0, external=0]
Fossilize INFO: Overriding serialization path: "/home/killingwhales/.local/share/Steam/steamapps/shadercache/1621690/fozpipelinesv6/steamapprun_pipeline_cache".
Vulkan API version 1.1.0 (1.4.318 supported by driver, 1.1.0 requested)
Vulkan vendor=[Intel] id=[8086]
Vulkan renderer=[Intel(R) Graphics (RPL-P)] id=[a7a8]
Vulkan device type 1
Vulkan driverversion=[25.2.6 (0x06402006)] uint=[104865798]
Vulkan driverLibraryString=[Intel open-source Mesa driver (6), Mesa 25.2.6-arch1.1]
Vulkan PSO: cache data not found [path=/tmp/Pugstorm/Core Keeper/vulkan_pso_cache.bin]
Begin MonoManager ReloadAssembly
- Loaded All Assemblies, in  0.080 seconds
- Finished resetting the current domain, in  0.002 seconds
[Physics::Module] Selected backend.
[Physics::Module] Name: PhysX
[Physics::Module] Id: 0xf2b8ea05
[Physics::Module] SDK Version: 4.1.2
[Physics::Module] Integration Version: 1.0.0
[Physics::Module] Threading Mode: Multi-Threaded
--- Startup info ---
Time (UTC): 2025-11-01T07:35:12Z
Game version: 1.1.2.6-1c3e
Unity version: 6000.0.58f2
OS version: Linux 6.17 Steam Runtime 2 64bit
Graphics device: Intel(R) Graphics (RPL-P) (Vulkan, Vulkan 1.1.0 [25.2.6 (0x06402006)])
--- END Startup info ---
CommandLineArgs.args[0]: /home/killingwhales/.local/share/Steam/steamapps/common/Core Keeper/CoreKeeper
Initializing Steamworks with AppID 1621690
[S_API] SteamAPI_Init(): Loaded '/home/killingwhales/.local/share/Steam/linux64/steamclient.so' OK.
Setting breakpad minidump AppID = 1621690
SteamInternal_SetMinidumpSteamID:  Caching Steam ID:  76561199520731648 [API loaded no]
Steam API initialized branch=
CommandLineArgs.args[0]: /home/killingwhales/.local/share/Steam/steamapps/common/Core Keeper/CoreKeeper
clear list of unsupported mods that is loaded anyway due to version change  -> 1.1.2
no mod.io mods loaded User not authenticated. (code: 20100)
requesting resize 1920 x 1080
Using native desktop resolution 1920 x 1080
requesting fullscreen 1920 x 1080 at 0/1 Hz
Desktop is 1920 x 1080 @ 144 Hz
InitializeOrResetSwapChain 1920x1080 hdr=0 samples=1
SpriteInstancingAtlas: Packed 4483 sprites (total size: 8480024) into atlas of size 2950 (waste: 2.56%) in 25.32 ms
UnloadTime: 0.812914 ms
Checking system requirements: PASS
Skipping automatic Manager prelaunch because this should be done manually in the Loading scene.
DllNotFoundException: sentry assembly:<unknown assembly> type:<unknown type> member:(null)
  at (wrapper managed-to-native) Sentry.Unity.Native.SentryNativeBridge.sentry_reinstall_backend()
  at Sentry.Unity.Native.SentryNativeBridge.ReinstallBackend () [0x00000] in <f29aa5ab222d49a38d430a90b809b79b>:0 
  at Sentry.Unity.Native.SentryNative.ReinstallBackend () [0x00000] in <f29aa5ab222d49a38d430a90b809b79b>:0 
  at Sentry.Unity.SentryInitialization.ReinstallBackend () [0x00000] in <c98b49bee7514ed8aab887e2ff96fab6>:0 
UnityEngine.DebugLogHandler:Internal_LogException_Injected(Exception, IntPtr)
UnityEngine.DebugLogHandler:Internal_LogException(Exception, Object)
UnityEngine.DebugLogHandler:LogException(Exception, Object)
Sentry.Unity.Integrations.UnityLogHandlerIntegration:LogException(Exception, Object)
UnityEngine.Logger:LogException(Exception, Object)
UnityEngine.Debug:CallOverridenDebugHandler(Exception, Object)

Ignoring invalid [Unity.Entities.UpdateAfterAttribute] attribute on Unity.Entities.CompanionGameObjectUpdateTransformSystem targeting Unity.Transforms.TransformSystemGroup.
This attribute can only order systems that are members of the same ComponentSystemGroup instance.
Make sure that both systems are in the same system group with [UpdateInGroup(typeof(Unity.Entities.SimulationSystemGroup))],
or by manually adding both systems to the same group's update list.
Initialize global manager
Global manager Resources.Load
Start initializing all managers
Core count is 16
Job worker count is 4
CloudSyncDown
PlatformConfiguration: loading platform configuration for variant Linux.
PlatformConfiguration: platform configuration for variant Linux was not found.
PlatformConfiguration: loading platform configuration for variant PC.
PlatformConfiguration: applying settings for platform variant Linux.
PlatformConfiguration: applying PrefsManager visual quality settings.
PlatformConfiguration: applying PrefsManager audio settings.
PlatformConfiguration: applying PrefsManager session settings.
Upgrading character da59b2f8c4c8d6b0da80b6ca432638b5 from version 12 to 13: fixing swapped pet talents
Upgrading character 989f93abc44b2944f6133ebb59c008a0 from version 12 to 13: fixing swapped pet talents
Upgrading character bcd970feb4333d9a34eee9aa131211a3 from version 12 to 13: fixing swapped pet talents
Upgrading character 5b9dfc6b8420fd39dc81537a4aa6a461 from version 12 to 13: fixing swapped pet talents
Upgrading character 8358baf0b41a785fd7a0a5da9fe09704 from version 12 to 13: fixing swapped pet talents
Upgrading character 0122a393e43386ad2d65185bd26aebdd from version 12 to 13: fixing swapped pet talents
Upgrading character b0de87b2e4f79cd489b7e94a03b1f0a8 from version 12 to 13: fixing swapped pet talents
Upgrading character a400d7b3c4659a1798434d2aa3a2771a from version 12 to 13: fixing swapped pet talents
Upgrading character 07ec7afab41955a49056349a18aa2846 from version 12 to 13: fixing swapped pet talents
Upgrading character 1d92cef8149361e6446146e9855fd3ec from version 12 to 13: fixing swapped pet talents
Upgrading character 1f1283c5e4d5b491d87acb9acdc42518 from version 12 to 13: fixing swapped pet talents
Upgrading character 46b9e1efb4ae7f6701f9da38d36d382a from version 12 to 13: fixing swapped pet talents
Upgrading character 5aaf66ac2401f439156388c8de40cb6f from version 12 to 13: fixing swapped pet talents
Upgrading character 1f696354c42381b600903e09532a5d84 from version 12 to 13: fixing swapped pet talents
Upgrading character 06e4f6cb64c68659a7b22cea63d642ed from version 12 to 13: fixing swapped pet talents
Upgrading character 9fcd6e91f4df96553f95724ba87346cb from version 12 to 13: fixing swapped pet talents
Upgrading character b3f40487d43b17b04b959dbb267f367f from version 12 to 13: fixing swapped pet talents
Upgrading character 454a88b89468aac8af3f8eea5a35202a from version 12 to 13: fixing swapped pet talents
Upgrading character acabfc30a43a3376346735193c5629b1 from version 12 to 13: fixing swapped pet talents
Upgrading character 32a145fc64c8c13ba540c7396d98b2bb from version 12 to 13: fixing swapped pet talents
Upgrading character 8e56414654009e74901a80d83be2d2db from version 12 to 13: fixing swapped pet talents
Upgrading character 6d5cf81aa440074e527ff90bd4aee888 from version 12 to 13: fixing swapped pet talents
Upgrading character 1cfaea04947f9e829193570b756211d9 from version 12 to 13: fixing swapped pet talents
Upgrading character 0949f1ac74571e6f2d0fd269d87b91b1 from version 12 to 13: fixing swapped pet talents
Upgrading character eeee9cde248103b6c36cac1ad1888a21 from version 12 to 13: fixing swapped pet talents
Upgrading character 0d198df0949184c09367db295cc78e11 from version 12 to 13: fixing swapped pet talents
Upgrading character 9bd40cbe7473e593aad83538ffe842b0 from version 12 to 13: fixing swapped pet talents
Upgrading character e59b90c594df85a5886a2cfba8bb5505 from version 12 to 13: fixing swapped pet talents
Upgrading character aab6420454949cd1116084c96ad626ad from version 12 to 13: fixing swapped pet talents
Upgrading character 8ac436b9744c61fb2f53f99b7339680c from version 12 to 13: fixing swapped pet talents
Upgrading character bb23f41cd40f365e9a7cce5bba75c1d0 from version 12 to 13: fixing swapped pet talents
Upgrading character 488ecbc204f8a0ea05855b59ac1e4329 from version 12 to 13: fixing swapped pet talents
Upgrading character 7326b27954609dae190ec958f369be19 from version 12 to 13: fixing swapped pet talents
Upgrading character 3558abadf4adcaa093057eea99a0aff5 from version 12 to 13: fixing swapped pet talents
Upgrading character d3c6c6ed94e1a4095be4dbb82cd7105c from version 12 to 13: fixing swapped pet talents
Upgrading character 2aa4c397c4b80a264019c3c862ab96a7 from version 12 to 13: fixing swapped pet talents
Upgrading character 5e864b9bf4318cdc8ea61fda7728c567 from version 12 to 13: fixing swapped pet talents
Upgrading character 95481ece744c4c0ae9cf0b5813c73d33 from version 12 to 13: fixing swapped pet talents
Upgrading character 1c6bee2ef469ce4e9c1f2d59453a0d90 from version 12 to 13: fixing swapped pet talents
Upgrading character 361cdba1d46b744fa3feb42ba22e748e from version 12 to 13: fixing swapped pet talents
Upgrading character 0a84289cc4990b6c046ec0a86232d9b3 from version 12 to 13: fixing swapped pet talents
Upgrading character a7454991b48ff4d2bd0bc5d8125e2f7a from version 12 to 13: fixing swapped pet talents
Upgrading character 60eb43f4747d54b4d964e68bff59c386 from version 12 to 13: fixing swapped pet talents
Upgrading character 48d623dc74f73b913f23b0fb28475f47 from version 12 to 13: fixing swapped pet talents
Upgrading character aa0b0a4634aa1cbd796674bac9896829 from version 12 to 13: fixing swapped pet talents
Upgrading character 22681c98342040a4ee698b7823781ca7 from version 12 to 13: fixing swapped pet talents
Upgrading character 69fc67abc41782b87f0dfd28f49be308 from version 12 to 13: fixing swapped pet talents
Upgrading character 1e12637cf46f69858180a20a42d7db2e from version 12 to 13: fixing swapped pet talents
Upgrading character 3dd2cdda14e6353a4a4c3239b0c4b860 from version 12 to 13: fixing swapped pet talents
Upgrading character 2008477084dd32d4d495d908e6f905ce from version 12 to 13: fixing swapped pet talents
Upgrading character 1150b32b54db355eac72336875f5c7a3 from version 12 to 13: fixing swapped pet talents
Upgrading character e9f4185354dcf7343b3c05cbaab27a3c from version 12 to 13: fixing swapped pet talents
Upgrading character 7ca87de9c46a277eee24a7683c5e5269 from version 12 to 13: fixing swapped pet talents
Upgrading character 3041579e84913d52fc561e6841072db2 from version 12 to 13: fixing swapped pet talents
Upgrading character bba38ad804fd936f4fe845dbaf4e52a1 from version 12 to 13: fixing swapped pet talents
Upgrading character c14d26c19413fc6555cc23cabe45f184 from version 12 to 13: fixing swapped pet talents
Upgrading character 083292b5b4768137c64a755b16937b98 from version 12 to 13: fixing swapped pet talents
Upgrading character 38178b9614328c14155829393a33205b from version 12 to 13: fixing swapped pet talents
Upgrading character 9cbb80c9b431ec5557312a9be4abe987 from version 12 to 13: fixing swapped pet talents
Upgrading character f41613f8844af67b0d72919aa6cd47ee from version 12 to 13: fixing swapped pet talents
Upgrading character ad7b35f3d4d820a69b13f0383b791f89 from version 12 to 13: fixing swapped pet talents
Added memory pools for 614 prefabs from PooledGraphicalObjectBank
Added memory pools for 70 prefabs from PooledParticleSystemBank
using color lookup at /home/killingwhales/.local/share/Steam/steamapps/common/Core Keeper/CoreKeeper_Data/StreamingAssets/Textures/ColorGrading.png
Skipping faction mod /home/killingwhales/.local/share/Steam/steamapps/common/Core Keeper/CoreKeeper_Data/StreamingAssets/Conf/Factions/None.json with faction None (0)
Skipping loot mod /home/killingwhales/.local/share/Steam/steamapps/common/Core Keeper/CoreKeeper_Data/StreamingAssets/Conf/Loot/Empty.json for loot table Empty (0)
InputManager.InitializeControlMappingUserDataStore
PugTextEffectMenuOption.ResetEffect: text component on Label is null, can't reset.
PugTextEffectMenuOption.ResetEffect: text component on VibrationIntensity Text is null, can't reset.
Initialized 8 options for world content menu.
PugTextEffectMenuOption.ResetEffect: text component on GamepadSpeaker Text is null, can't reset.
ECSManager: Found 334 converter type(s)
Converting 2553 root objects for Default World with 334 converters, 7 post-converters in staging world, and 4 post-converters in final world.
BlunderBombExplosionEntity (UnityEngine.GameObject) has RotationAuthoring.rotatePhysics set to true, but no collider is present.
PugDatabase initialized 2552 prefabs
requesting resize 1920 x 1080
Using native desktop resolution 1920 x 1080
requesting fullscreen 1920 x 1080 at 0/1 Hz
Desktop is 1920 x 1080 @ 144 Hz
InitializeOrResetSwapChain 1920x1080 hdr=0 samples=1
WaterSim.LazyInitialize: created the surface texture.
'R8_SRGB' is not supported. RenderTexture::GetTemporary fallbacks to R8G8B8A8_SRGB format on this platform. Use 'SystemInfo.IsFormatSupported' C# API to check format support.
WaterSim.LazyInitialize: created the state texture.
WaterSim.LazyInitialize: created the previous state texture.
Steam stats received
Steam stats received
Registering steam game 1621690 with discord
couldn't initialize discord SDK: Ok InternalError
The referenced script on this Behaviour (Game Object '<null>') is missing!
got language code en
Setting language to English from English
Unloading 5 Unused Serialized files (Serialized files now loaded: 4)
UnloadTime: 5.201145 ms
MusicManager: start loading addressable asset [cc83026275aa73a4381a3c8c1b855b86].
New season: Halloween
Unloading 11612 unused Assets to reduce memory usage. Loaded Objects now: 584551.
Total: 129.134912 ms (FindLiveObjects: 29.275315 ms CreateObjectMapping: 11.252498 ms MarkObjects: 80.739160 ms  DeleteObjects: 7.867020 ms)

Unloading 1 Unused Serialized files (Serialized files now loaded: 5)
Unloading 0 unused Assets to reduce memory usage. Loaded Objects now: 584552.
Total: 122.819505 ms (FindLiveObjects: 39.161380 ms CreateObjectMapping: 8.104018 ms MarkObjects: 75.038131 ms  DeleteObjects: 0.515083 ms)

MusicManager: loading addressable asset [[cc83026275aa73a4381a3c8c1b855b86]|Main_Menu] complete.
checking if bilibili was connected at start
PlatformManager.RefreshPlatformFriends: skipping refresh as there's not been long enough since the last refresh (9.356494 seconds).
Couldn't find backing drive, assumes there is space
Start CanUserPlayMultiplayerAsync call
Execute CanUserPlayMultiplayerAsync in the background
Start Eula Check
Skipped Eula Check
Player has ALL privileges
Font Font10B missing glyph u0009 '	'
MusicManager: replaying currently playing asset reference for clip [cc83026275aa73a4381a3c8c1b855b86] instead of reloading the asset.
Unloading 4 Unused Serialized files (Serialized files now loaded: 5)
UnloadTime: 5.195308 ms
MusicManager: releasing addressable asset Main_Menu.
Unloading 300 unused Assets to reduce memory usage. Loaded Objects now: 584264.
Total: 98.728688 ms (FindLiveObjects: 26.387431 ms CreateObjectMapping: 8.822784 ms MarkObjects: 62.652534 ms  DeleteObjects: 0.865348 ms)

Unloading 0 Unused Serialized files (Serialized files now loaded: 4)
Unloading 0 unused Assets to reduce memory usage. Loaded Objects now: 584263.
Total: 189.915055 ms (FindLiveObjects: 36.176704 ms CreateObjectMapping: 16.851785 ms MarkObjects: 136.359803 ms  DeleteObjects: 0.525530 ms)

MusicManager: start loading addressable asset [71d33eb6d97395b4e9365571a6ff6b2b].
MusicManager: loading addressable asset [[71d33eb6d97395b4e9365571a6ff6b2b]|Intro] complete.
Unloading 3 Unused Serialized files (Serialized files now loaded: 5)
UnloadTime: 4.576078 ms
MusicManager: releasing addressable asset Intro.
Ignoring invalid [Unity.Entities.UpdateAfterAttribute] attribute on InitializeAttackPlayerSpawnedGhostSystem targeting Unity.NetCode.GhostSendSystem.
This attribute can only order systems that are members of the same ComponentSystemGroup instance.
Make sure that both systems are in the same system group with [UpdateInGroup(typeof(Unity.Entities.SimulationSystemGroup))],
or by manually adding both systems to the same group's update list.
StartGameRPCSystem OnCreate
No mods have registered for ObjectCreated or ObjectDestroyed callbacks. Disabling ObjectCreatedSystem.
ECSManager: removing worlds from the update loop.
ECSManager: converting authoring data.
ECSManager: converting authoring data for the server world.
Converting 1 root objects for ServerWorld with 334 converters, 7 post-converters in staging world, and 4 post-converters in final world.
Conversion interrupt after 55 ms. Xbox won't like it and will crash if the user manages to suspend during this time!
Unloading 16 unused Assets to reduce memory usage. Loaded Objects now: 584247.
Total: 91.495137 ms (FindLiveObjects: 26.246027 ms CreateObjectMapping: 7.357245 ms MarkObjects: 57.229859 ms  DeleteObjects: 0.661432 ms)

Unloading 1 Unused Serialized files (Serialized files now loaded: 4)
Unloading 0 unused Assets to reduce memory usage. Loaded Objects now: 584246.
Total: 158.282302 ms (FindLiveObjects: 35.625911 ms CreateObjectMapping: 10.575034 ms MarkObjects: 111.571065 ms  DeleteObjects: 0.509662 ms)

BlunderBombExplosionEntity (UnityEngine.GameObject) has RotationAuthoring.rotatePhysics set to true, but no collider is present.
PugDatabase initialized 2552 prefabs
ECSManager: ServerWorld conversion complete.
ECSManager: converting authoring data for the server world complete.
ECSManager: converting authoring data for the client world.
Converting 1 root objects for ClientWorld0 with 334 converters, 7 post-converters in staging world, and 4 post-converters in final world.
BlunderBombExplosionEntity (UnityEngine.GameObject) has RotationAuthoring.rotatePhysics set to true, but no collider is present.
PugDatabase initialized 2552 prefabs
ECSManager: ClientWorld0 conversion complete.
ECSManager: converting authoring data for the client world complete.
ECSManager: adding worlds to the update loop.
ECSManager: initializing worlds.
Simulation tick rate=20 Network tick rate=20
disable default variant system group for world ServerWorld
disable CompanionGameObjectUpdateTransformSystem for world ServerWorld
disable ParentSystem for world ServerWorld
Simulation tick rate=20 Network tick rate=20
disable default variant system group for world ClientWorld0
disable CompanionGameObjectUpdateTransformSystem for world ClientWorld0
disable ParentSystem for world ClientWorld0
PlayFabPartyNetworking.RegisterToPlayFabEvents
PlayFabPartySessionWrapper.CreateSession
PlayFabPartySessionWrapper.CreateSession: Starting user login.
ConvertAuthoringDataRoutine complete. Process was successful.
Client connected
PredictedSimulationSystemGroup: 14 systems in partial update
Running 0 electricity updates initially
no existing save file, starting with empty world
starting a new world : b7bed5de3410f4a8a16f80ead0a9401f
Hashed string seed 661371903449 -> 4127767128
Using seed 4127767128
Starting new world with generation type FullRelease
Initialized world creation version to Ck112
World creation version is Ck112
Has 8 activated content bundles
Classic is active
FullRelease is active
GiantCicadaBossDungeon is active
NatureBiomeCicadas is active
GuaranteedOases is active
MarkHealthItemScenesAsUnique is active
AbioticFactor is active
GuaranteedAliensArenas is active
send mod info request
Got steam auth ticket, logging in to PlayFab
send connect with hash 17713106335569179710 for 1753 ghosts
PlayFab login successful for user 76561199520731648, id BEC6F72EEBDFEAE5.
PlayFabPartySessionWrapper.HandleAuthenticationSuccess: PlayFab user logged in successfully.
PlayFabPartySessionWrapper.CreateSession: Create and join PlayFab network.
Adding marker for LarvaHiveBossDungeon at int2(-291, 52)
Adding marker for ShamanBossRoom at int2(-6, 298)
Adding marker for BirdBoss at int2(258, 479)
Adding marker for PoisonSlimeBossDungeon at int2(-2, 597)
Adding marker for SlipperySlimeBossDungeon at int2(-491, -496)
Adding marker for OctopusBossArea at int2(-295, -571)
Adding marker for ScarabBossArea at int2(208, -549)
Adding marker for LavaSlimeBossDungeon at int2(512, -494)
Adding marker for CrystalMeteorScene at int2(696, -103)
Adding marker for GiantCicadaBossDungeon at int2(310, -463)
Read cartography table map with 0 parts
server has ghost collection hash 17713106335569179710 for 1753 ghosts
Accepted connect RPC
Connected to server Ouija (b7bed5de3410f4a8a16f80ead0a9401f)
spawning player with character data size 1268
Upgrading character da59b2f8c4c8d6b0da80b6ca432638b5 from version 12 to 13: fixing swapped pet talents
Creating new player entity
[userid:16777343] player Kak4 connected islocalplayer=True
[userid:16777343] is using new name Kak4
Started game for new connection
Adding start items from dlc's
ParentalControlManager.RestrictInput: original - Kak4, filtered - Kak4.
Allocating a new file write buffer of size 8.000MB for WorldSave. Total buffer size for this file including pool is 8.000MB
Spawning StartRoom
Spawning SlimeBoss
Spawning LarvaBossSpawn
Spawning CavelingMerchantRoom
Spawning FishingMerchantArea
Spawning CicadaNatureBurrow
Spawning CicadaNatureBurrow1
Spawning CicadaNatureBurrow2
Spawning CicadaNatureBurrow3
Spawning CicadaNatureBurrow4
Spawning CicadaNatureBurrow5
Spawning AbioticFactorScene
Spawning LarvaHiveBossDungeon
Removing fake marker for LarvaHiveBossDungeon
Spawning BirdBoss
Removing fake marker for BirdBoss
Spawning MainMoldDungeon
Do not spawn custom scene BindingStringScene because it is replaced by content bundle FullRelease
Do not spawn custom scene LiquidMetalScene because it is replaced by content bundle MarkHealthItemScenesAsUnique
Do not spawn custom scene VictoriaJungleTree because it is replaced by content bundle MarkHealthItemScenesAsUnique
Spawning AncientMaze
has loaded enough from server; ready to fade in
PlayFabPartySessionWrapper.CreateSession: Create and join PlayFab network successful.
PlayFabPartySessionWrapper: connection type is RelayServer.
PlayFabPartySessionWrapper.CreateSession: Creating lobby.
Found game ID 5CWPELJ4 with 0 collisions
PlayFabLobbyManager.CreateLobbyInternal: creating a lobby.
encrypted party descriptor in 164 ms
MusicManager: start loading addressable asset [7b9afea50dec81146bf72588f3689bcf].
MusicManager: loading addressable asset [[7b9afea50dec81146bf72588f3689bcf]|Dirt_Biome_4] complete.
PlayFabLobbyManager.CreateLobbyInternal: Lobby created.
PlayFabPartySessionWrapper.CreateSession: Creating platform session.
PlayFabPartySessionWrapper: platform session created.
PlayFabPartyNetworking.CreateSessionCompletion: Successfully started session.
Finished tutorial GatherWood
Finished tutorial CraftTorch
Spawning ShamanBossRoom
Starting tutorial CraftMiningPick
Finished tutorial CraftMiningPick
Finished tutorial CraftWorkbench
Internal: JobTempAlloc has allocations that are more than the maximum lifespan of 4 frames old - this is not allowed and likely a leak
To Debug, run app with -diag-job-temp-memory-leak-validation cmd line argument. This will output the callstacks of the leaked allocations.
MusicManager: releasing addressable asset Dirt_Biome_4.
MusicManager: start loading addressable asset [2b013c2bdc1753948a5524e50654f004].
MusicManager: loading addressable asset [[2b013c2bdc1753948a5524e50654f004]|Base_Theme_v4] complete.
Internal: deleting an allocation that is older than its permitted lifetime of 4 frames (age = 5)
Internal: deleting an allocation that is older than its permitted lifetime of 4 frames (age = 5)
MusicManager: releasing addressable asset Base_Theme_v4.
MusicManager: start loading addressable asset [7b9afea50dec81146bf72588f3689bcf].
MusicManager: loading addressable asset [[7b9afea50dec81146bf72588f3689bcf]|Dirt_Biome_4] complete.
Internal: JobTempAlloc has allocations that are more than the maximum lifespan of 4 frames old - this is not allowed and likely a leak
To Debug, run app with -diag-job-temp-memory-leak-validation cmd line argument. This will output the callstacks of the leaked allocations.
Internal: deleting an allocation that is older than its permitted lifetime of 4 frames (age = 5)
Internal: deleting an allocation that is older than its permitted lifetime of 4 frames (age = 5)
Finished tutorial SmeltOre
MusicManager: releasing addressable asset Dirt_Biome_4.
MusicManager: start loading addressable asset [2b013c2bdc1753948a5524e50654f004].
MusicManager: loading addressable asset [[2b013c2bdc1753948a5524e50654f004]|Base_Theme_v4] complete.
Internal: deleting an allocation that is older than its permitted lifetime of 4 frames (age = 5)
Internal: deleting an allocation that is older than its permitted lifetime of 4 frames (age = 5)
MusicManager: releasing addressable asset Base_Theme_v4.
MusicManager: start loading addressable asset [c5ae47d1c5a70a24a85ebe4e575e6d01].
MusicManager: loading addressable asset [[c5ae47d1c5a70a24a85ebe4e575e6d01]|Dirt_Biome_3_R1] complete.
Internal: JobTempAlloc has allocations that are more than the maximum lifespan of 4 frames old - this is not allowed and likely a leak
To Debug, run app with -diag-job-temp-memory-leak-validation cmd line argument. This will output the callstacks of the leaked allocations.
Internal: deleting an allocation that is older than its permitted lifetime of 4 frames (age = 5)
Internal: deleting an allocation that is older than its permitted lifetime of 4 frames (age = 5)
MusicManager: releasing addressable asset Dirt_Biome_3_R1.
MusicManager: start loading addressable asset [7b9afea50dec81146bf72588f3689bcf].
MusicManager: loading addressable asset [[7b9afea50dec81146bf72588f3689bcf]|Dirt_Biome_4] complete.
Internal: JobTempAlloc has allocations that are more than the maximum lifespan of 4 frames old - this is not allowed and likely a leak
To Debug, run app with -diag-job-temp-memory-leak-validation cmd line argument. This will output the callstacks of the leaked allocations.
Internal: deleting an allocation that is older than its permitted lifetime of 4 frames (age = 6)
Internal: deleting an allocation that is older than its permitted lifetime of 4 frames (age = 6)
Internal: JobTempAlloc has allocations that are more than the maximum lifespan of 4 frames old - this is not allowed and likely a leak
To Debug, run app with -diag-job-temp-memory-leak-validation cmd line argument. This will output the callstacks of the leaked allocations.
Internal: deleting an allocation that is older than its permitted lifetime of 4 frames (age = 5)
Internal: deleting an allocation that is older than its permitted lifetime of 4 frames (age = 5)
Internal: JobTempAlloc has allocations that are more than the maximum lifespan of 4 frames old - this is not allowed and likely a leak
To Debug, run app with -diag-job-temp-memory-leak-validation cmd line argument. This will output the callstacks of the leaked allocations.
Internal: deleting an allocation that is older than its permitted lifetime of 4 frames (age = 6)
Internal: deleting an allocation that is older than its permitted lifetime of 4 frames (age = 6)
MusicManager: releasing addressable asset Dirt_Biome_4.
MusicManager: start loading addressable asset [c5ae47d1c5a70a24a85ebe4e575e6d01].
MusicManager: loading addressable asset [[c5ae47d1c5a70a24a85ebe4e575e6d01]|Dirt_Biome_3_R1] complete.
Writing map data
Internal: deleting an allocation that is older than its permitted lifetime of 4 frames (age = 5)
Internal: deleting an allocation that is older than its permitted lifetime of 4 frames (age = 5)
MusicManager: releasing addressable asset Dirt_Biome_3_R1.
MusicManager: start loading addressable asset [2b013c2bdc1753948a5524e50654f004].
MusicManager: loading addressable asset [[2b013c2bdc1753948a5524e50654f004]|Base_Theme_v4] complete.
Internal: JobTempAlloc has allocations that are more than the maximum lifespan of 4 frames old - this is not allowed and likely a leak
To Debug, run app with -diag-job-temp-memory-leak-validation cmd line argument. This will output the callstacks of the leaked allocations.
MusicManager: releasing addressable asset Base_Theme_v4.
MusicManager: start loading addressable asset [7b9afea50dec81146bf72588f3689bcf].
MusicManager: loading addressable asset [[7b9afea50dec81146bf72588f3689bcf]|Dirt_Biome_4] complete.
Internal: JobTempAlloc has allocations that are more than the maximum lifespan of 4 frames old - this is not allowed and likely a leak
To Debug, run app with -diag-job-temp-memory-leak-validation cmd line argument. This will output the callstacks of the leaked allocations.
Curl error 35: Handshake failed. UnityTls error code: 7
Failed to send session data. Error: /Event/WriteEvents: Unable to complete SSL connection
Internal: JobTempAlloc has allocations that are more than the maximum lifespan of 4 frames old - this is not allowed and likely a leak
To Debug, run app with -diag-job-temp-memory-leak-validation cmd line argument. This will output the callstacks of the leaked allocations.
Internal: deleting an allocation that is older than its permitted lifetime of 4 frames (age = 6)
Internal: deleting an allocation that is older than its permitted lifetime of 4 frames (age = 6)
MusicManager: releasing addressable asset Dirt_Biome_4.
MusicManager: start loading addressable asset [2b013c2bdc1753948a5524e50654f004].
MusicManager: loading addressable asset [[2b013c2bdc1753948a5524e50654f004]|Base_Theme_v4] complete.
Internal: deleting an allocation that is older than its permitted lifetime of 4 frames (age = 5)
Internal: deleting an allocation that is older than its permitted lifetime of 4 frames (age = 5)
MusicManager: releasing addressable asset Base_Theme_v4.
MusicManager: start loading addressable asset [7b9afea50dec81146bf72588f3689bcf].
MusicManager: loading addressable asset [[7b9afea50dec81146bf72588f3689bcf]|Dirt_Biome_4] complete.
Internal: JobTempAlloc has allocations that are more than the maximum lifespan of 4 frames old - this is not allowed and likely a leak
To Debug, run app with -diag-job-temp-memory-leak-validation cmd line argument. This will output the callstacks of the leaked allocations.
Internal: deleting an allocation that is older than its permitted lifetime of 4 frames (age = 6)
Internal: deleting an allocation that is older than its permitted lifetime of 4 frames (age = 6)
Internal: JobTempAlloc has allocations that are more than the maximum lifespan of 4 frames old - this is not allowed and likely a leak
To Debug, run app with -diag-job-temp-memory-leak-validation cmd line argument. This will output the callstacks of the leaked allocations.
Internal: deleting an allocation that is older than its permitted lifetime of 4 frames (age = 6)
Internal: deleting an allocation that is older than its permitted lifetime of 4 frames (age = 6)
Internal: JobTempAlloc has allocations that are more than the maximum lifespan of 4 frames old - this is not allowed and likely a leak
To Debug, run app with -diag-job-temp-memory-leak-validation cmd line argument. This will output the callstacks of the leaked allocations.
Internal: deleting an allocation that is older than its permitted lifetime of 4 frames (age = 5)
Internal: deleting an allocation that is older than its permitted lifetime of 4 frames (age = 5)
Internal: JobTempAlloc has allocations that are more than the maximum lifespan of 4 frames old - this is not allowed and likely a leak
To Debug, run app with -diag-job-temp-memory-leak-validation cmd line argument. This will output the callstacks of the leaked allocations.
Internal: deleting an allocation that is older than its permitted lifetime of 4 frames (age = 5)
Internal: deleting an allocation that is older than its permitted lifetime of 4 frames (age = 5)
MusicManager: releasing addressable asset Dirt_Biome_4.
MusicManager: start loading addressable asset [2b013c2bdc1753948a5524e50654f004].
MusicManager: loading addressable asset [[2b013c2bdc1753948a5524e50654f004]|Base_Theme_v4] complete.
Internal: JobTempAlloc has allocations that are more than the maximum lifespan of 4 frames old - this is not allowed and likely a leak
To Debug, run app with -diag-job-temp-memory-leak-validation cmd line argument. This will output the callstacks of the leaked allocations.
Internal: deleting an allocation that is older than its permitted lifetime of 4 frames (age = 6)
Internal: deleting an allocation that is older than its permitted lifetime of 4 frames (age = 6)
MusicManager: releasing addressable asset Base_Theme_v4.
MusicManager: start loading addressable asset [93a15eae69234444bb84eb971ce4a05c].
MusicManager: loading addressable asset [[93a15eae69234444bb84eb971ce4a05c]|Larva_Biome_2] complete.
MusicManager: releasing addressable asset Larva_Biome_2.
MusicManager: start loading addressable asset [2b013c2bdc1753948a5524e50654f004].
MusicManager: loading addressable asset [[2b013c2bdc1753948a5524e50654f004]|Base_Theme_v4] complete.
Internal: deleting an allocation that is older than its permitted lifetime of 4 frames (age = 5)
Internal: deleting an allocation that is older than its permitted lifetime of 4 frames (age = 5)
Internal: JobTempAlloc has allocations that are more than the maximum lifespan of 4 frames old - this is not allowed and likely a leak
To Debug, run app with -diag-job-temp-memory-leak-validation cmd line argument. This will output the callstacks of the leaked allocations.
Internal: deleting an allocation that is older than its permitted lifetime of 4 frames (age = 5)
Internal: deleting an allocation that is older than its permitted lifetime of 4 frames (age = 5)
MusicManager: releasing addressable asset Base_Theme_v4.
MusicManager: start loading addressable asset [c5ae47d1c5a70a24a85ebe4e575e6d01].
MusicManager: loading addressable asset [[c5ae47d1c5a70a24a85ebe4e575e6d01]|Dirt_Biome_3_R1] complete.
InputManager: disabled control map Default.
InputManager: disabled control map Default.
InputManager: disabled control map Ingame.
InputManager: disabled control map Inventory.
InputManager: disabled control map MapView.
InputManager: disabled control map Vehicle.
InputManager: disabled control map UIModifierKeys.
InputManager: disabled control map MusicInstrument.
InputManager: disabled control map Default.
InputManager: disabled control map Default.
InputManager: disabled control map Ingame.
InputManager: disabled control map Inventory.
InputManager: disabled control map MapView.
InputManager: disabled control map Vehicle.
InputManager: disabled control map UIModifierKeys.
InputManager: disabled control map MusicInstrument.
RadicalPauseMenu_InvitePlayers.UpdateState: can send invites.
timescale = 0
timescale = 1
InputManager: enabled control map Default.
InputManager: enabled control map Default.
InputManager: enabled control map Ingame.
InputManager: enabled control map Inventory.
InputManager: enabled control map MapView.
InputManager: enabled control map Vehicle.
InputManager: enabled control map UIModifierKeys.
InputManager: enabled control map MusicInstrument.
InputManager: enabled control map Default.
InputManager: enabled control map Default.
InputManager: enabled control map Ingame.
InputManager: enabled control map Inventory.
InputManager: enabled control map MapView.
InputManager: enabled control map Vehicle.
InputManager: enabled control map UIModifierKeys.
InputManager: enabled control map MusicInstrument.
Internal: JobTempAlloc has allocations that are more than the maximum lifespan of 4 frames old - this is not allowed and likely a leak
To Debug, run app with -diag-job-temp-memory-leak-validation cmd line argument. This will output the callstacks of the leaked allocations.
MusicManager: releasing addressable asset Dirt_Biome_3_R1.
MusicManager: start loading addressable asset [7b9afea50dec81146bf72588f3689bcf].
MusicManager: loading addressable asset [[7b9afea50dec81146bf72588f3689bcf]|Dirt_Biome_4] complete.
Invalid memory pointer was detected in ThreadsafeLinearAllocator::Deallocate!
 #0 ???
 #1 ???
 #2 ???
 #3 ???
 #4 ???
 #5 ???
 #6 ???
 #7 ???
 #8 ???
 #9 ???
 #10 ???

Internal: deleting an allocation that is older than its permitted lifetime of 4 frames (age = 5)
Internal: deleting an allocation that is older than its permitted lifetime of 4 frames (age = 5)
MusicManager: releasing addressable asset Dirt_Biome_4.
MusicManager: start loading addressable asset [86a7ce27920eff94fbd3a0ea0e369816].
MusicManager: loading addressable asset [[86a7ce27920eff94fbd3a0ea0e369816]|Larva_Biome_3] complete.
MusicManager: releasing addressable asset Larva_Biome_3.
MusicManager: start loading addressable asset [625ab2b94a439754886aaf14c6fc14c3].
MusicManager: loading addressable asset [[625ab2b94a439754886aaf14c6fc14c3]|Larva_Biome_1] complete.
Internal: JobTempAlloc has allocations that are more than the maximum lifespan of 4 frames old - this is not allowed and likely a leak
To Debug, run app with -diag-job-temp-memory-leak-validation cmd line argument. This will output the callstacks of the leaked allocations.
Internal: deleting an allocation that is older than its permitted lifetime of 4 frames (age = 7)
Internal: deleting an allocation that is older than its permitted lifetime of 4 frames (age = 7)
MusicManager: releasing addressable asset Larva_Biome_1.
MusicManager: start loading addressable asset [c5ae47d1c5a70a24a85ebe4e575e6d01].
MusicManager: loading addressable asset [[c5ae47d1c5a70a24a85ebe4e575e6d01]|Dirt_Biome_3_R1] complete.
MusicManager: releasing addressable asset Dirt_Biome_3_R1.
MusicManager: start loading addressable asset [625ab2b94a439754886aaf14c6fc14c3].
MusicManager: loading addressable asset [[625ab2b94a439754886aaf14c6fc14c3]|Larva_Biome_1] complete.
Internal: JobTempAlloc has allocations that are more than the maximum lifespan of 4 frames old - this is not allowed and likely a leak
To Debug, run app with -diag-job-temp-memory-leak-validation cmd line argument. This will output the callstacks of the leaked allocations.
Internal: deleting an allocation that is older than its permitted lifetime of 4 frames (age = 5)
Internal: deleting an allocation that is older than its permitted lifetime of 4 frames (age = 5)
Trying to convert a ghost to predicted, but it is already predicted! Entity(19405:28)
Trying to convert a ghost to predicted, but it is already predicted! Entity(19405:28)
Trying to convert a ghost to predicted, but it is already predicted! Entity(19405:28)
Trying to convert a ghost to predicted, but it is already predicted! Entity(19405:28)
MusicManager: releasing addressable asset Larva_Biome_1.
MusicManager: start loading addressable asset [2b013c2bdc1753948a5524e50654f004].
MusicManager: loading addressable asset [[2b013c2bdc1753948a5524e50654f004]|Base_Theme_v4] complete.
MusicManager: releasing addressable asset Base_Theme_v4.
MusicManager: start loading addressable asset [93a15eae69234444bb84eb971ce4a05c].
MusicManager: loading addressable asset [[93a15eae69234444bb84eb971ce4a05c]|Larva_Biome_2] complete.
MusicManager: releasing addressable asset Larva_Biome_2.
MusicManager: start loading addressable asset [625ab2b94a439754886aaf14c6fc14c3].
MusicManager: loading addressable asset [[625ab2b94a439754886aaf14c6fc14c3]|Larva_Biome_1] complete.
Internal: JobTempAlloc has allocations that are more than the maximum lifespan of 4 frames old - this is not allowed and likely a leak
To Debug, run app with -diag-job-temp-memory-leak-validation cmd line argument. This will output the callstacks of the leaked allocations.
Internal: deleting an allocation that is older than its permitted lifetime of 4 frames (age = 5)
Internal: deleting an allocation that is older than its permitted lifetime of 4 frames (age = 5)
Internal: JobTempAlloc has allocations that are more than the maximum lifespan of 4 frames old - this is not allowed and likely a leak
To Debug, run app with -diag-job-temp-memory-leak-validation cmd line argument. This will output the callstacks of the leaked allocations.
Internal: deleting an allocation that is older than its permitted lifetime of 4 frames (age = 5)
Internal: deleting an allocation that is older than its permitted lifetime of 4 frames (age = 5)
MusicManager: releasing addressable asset Larva_Biome_1.
MusicManager: start loading addressable asset [86a7ce27920eff94fbd3a0ea0e369816].
MusicManager: loading addressable asset [[86a7ce27920eff94fbd3a0ea0e369816]|Larva_Biome_3] complete.
Internal: JobTempAlloc has allocations that are more than the maximum lifespan of 4 frames old - this is not allowed and likely a leak
To Debug, run app with -diag-job-temp-memory-leak-validation cmd line argument. This will output the callstacks of the leaked allocations.
InputManager: disabled control map Default.
InputManager: disabled control map Default.
InputManager: disabled control map Ingame.
InputManager: disabled control map Inventory.
InputManager: disabled control map MapView.
InputManager: disabled control map Vehicle.
InputManager: disabled control map UIModifierKeys.
InputManager: disabled control map MusicInstrument.
InputManager: disabled control map Default.
InputManager: disabled control map Default.
InputManager: disabled control map Ingame.
InputManager: disabled control map Inventory.
InputManager: disabled control map MapView.
InputManager: disabled control map Vehicle.
InputManager: disabled control map UIModifierKeys.
InputManager: disabled control map MusicInstrument.
timescale = 0
timescale = 1
InputManager: enabled control map Default.
InputManager: enabled control map Default.
InputManager: enabled control map Ingame.
InputManager: enabled control map Inventory.
InputManager: enabled control map MapView.
InputManager: enabled control map Vehicle.
InputManager: enabled control map UIModifierKeys.
InputManager: enabled control map MusicInstrument.
InputManager: enabled control map Default.
InputManager: enabled control map Default.
InputManager: enabled control map Ingame.
InputManager: enabled control map Inventory.
InputManager: enabled control map MapView.
InputManager: enabled control map Vehicle.
InputManager: enabled control map UIModifierKeys.
InputManager: enabled control map MusicInstrument.
MusicManager: releasing addressable asset Larva_Biome_3.
Internal: JobTempAlloc has allocations that are more than the maximum lifespan of 4 frames old - this is not allowed and likely a leak
To Debug, run app with -diag-job-temp-memory-leak-validation cmd line argument. This will output the callstacks of the leaked allocations.
Internal: deleting an allocation that is older than its permitted lifetime of 4 frames (age = 6)
Internal: deleting an allocation that is older than its permitted lifetime of 4 frames (age = 6)
MusicManager: start loading addressable asset [86a7ce27920eff94fbd3a0ea0e369816].
MusicManager: loading addressable asset [[86a7ce27920eff94fbd3a0ea0e369816]|Larva_Biome_3] complete.
MusicManager: releasing addressable asset Larva_Biome_3.
MusicManager: start loading addressable asset [7b9afea50dec81146bf72588f3689bcf].
MusicManager: loading addressable asset [[7b9afea50dec81146bf72588f3689bcf]|Dirt_Biome_4] complete.
Internal: JobTempAlloc has allocations that are more than the maximum lifespan of 4 frames old - this is not allowed and likely a leak
To Debug, run app with -diag-job-temp-memory-leak-validation cmd line argument. This will output the callstacks of the leaked allocations.
Internal: deleting an allocation that is older than its permitted lifetime of 4 frames (age = 5)
Internal: deleting an allocation that is older than its permitted lifetime of 4 frames (age = 5)
Writing map data
Internal: JobTempAlloc has allocations that are more than the maximum lifespan of 4 frames old - this is not allowed and likely a leak
To Debug, run app with -diag-job-temp-memory-leak-validation cmd line argument. This will output the callstacks of the leaked allocations.
Internal: deleting an allocation that is older than its permitted lifetime of 4 frames (age = 5)
Internal: deleting an allocation that is older than its permitted lifetime of 4 frames (age = 5)
MusicManager: releasing addressable asset Dirt_Biome_4.
MusicManager: start loading addressable asset [c5ae47d1c5a70a24a85ebe4e575e6d01].
MusicManager: loading addressable asset [[c5ae47d1c5a70a24a85ebe4e575e6d01]|Dirt_Biome_3_R1] complete.
MusicManager: releasing addressable asset Dirt_Biome_3_R1.
MusicManager: start loading addressable asset [2b013c2bdc1753948a5524e50654f004].
MusicManager: loading addressable asset [[2b013c2bdc1753948a5524e50654f004]|Base_Theme_v4] complete.
Internal: JobTempAlloc has allocations that are more than the maximum lifespan of 4 frames old - this is not allowed and likely a leak
To Debug, run app with -diag-job-temp-memory-leak-validation cmd line argument. This will output the callstacks of the leaked allocations.
Internal: deleting an allocation that is older than its permitted lifetime of 4 frames (age = 5)
Internal: deleting an allocation that is older than its permitted lifetime of 4 frames (age = 5)
MusicManager: releasing addressable asset Base_Theme_v4.
MusicManager: start loading addressable asset [93a15eae69234444bb84eb971ce4a05c].
MusicManager: loading addressable asset [[93a15eae69234444bb84eb971ce4a05c]|Larva_Biome_2] complete.
Internal: JobTempAlloc has allocations that are more than the maximum lifespan of 4 frames old - this is not allowed and likely a leak
To Debug, run app with -diag-job-temp-memory-leak-validation cmd line argument. This will output the callstacks of the leaked allocations.
Internal: deleting an allocation that is older than its permitted lifetime of 4 frames (age = 6)
Internal: deleting an allocation that is older than its permitted lifetime of 4 frames (age = 6)
MusicManager: releasing addressable asset Larva_Biome_2.
MusicManager: start loading addressable asset [625ab2b94a439754886aaf14c6fc14c3].
MusicManager: loading addressable asset [[625ab2b94a439754886aaf14c6fc14c3]|Larva_Biome_1] complete.
Internal: JobTempAlloc has allocations that are more than the maximum lifespan of 4 frames old - this is not allowed and likely a leak
To Debug, run app with -diag-job-temp-memory-leak-validation cmd line argument. This will output the callstacks of the leaked allocations.
Internal: deleting an allocation that is older than its permitted lifetime of 4 frames (age = 6)
Internal: deleting an allocation that is older than its permitted lifetime of 4 frames (age = 6)
MusicManager: releasing addressable asset Larva_Biome_1.
MusicManager: start loading addressable asset [86a7ce27920eff94fbd3a0ea0e369816].
MusicManager: loading addressable asset [[86a7ce27920eff94fbd3a0ea0e369816]|Larva_Biome_3] complete.
Internal: deleting an allocation that is older than its permitted lifetime of 4 frames (age = 5)
Internal: deleting an allocation that is older than its permitted lifetime of 4 frames (age = 5)
Internal: JobTempAlloc has allocations that are more than the maximum lifespan of 4 frames old - this is not allowed and likely a leak
To Debug, run app with -diag-job-temp-memory-leak-validation cmd line argument. This will output the callstacks of the leaked allocations.
Internal: deleting an allocation that is older than its permitted lifetime of 4 frames (age = 6)
Internal: deleting an allocation that is older than its permitted lifetime of 4 frames (age = 6)
Internal: JobTempAlloc has allocations that are more than the maximum lifespan of 4 frames old - this is not allowed and likely a leak
To Debug, run app with -diag-job-temp-memory-leak-validation cmd line argument. This will output the callstacks of the leaked allocations.
Internal: deleting an allocation that is older than its permitted lifetime of 4 frames (age = 7)
Internal: deleting an allocation that is older than its permitted lifetime of 4 frames (age = 7)
Writing map data
MusicManager: releasing addressable asset Larva_Biome_3.
MusicManager: start loading addressable asset [2b013c2bdc1753948a5524e50654f004].
MusicManager: loading addressable asset [[2b013c2bdc1753948a5524e50654f004]|Base_Theme_v4] complete.
Internal: JobTempAlloc has allocations that are more than the maximum lifespan of 4 frames old - this is not allowed and likely a leak
To Debug, run app with -diag-job-temp-memory-leak-validation cmd line argument. This will output the callstacks of the leaked allocations.
Internal: deleting an allocation that is older than its permitted lifetime of 4 frames (age = 5)
Internal: deleting an allocation that is older than its permitted lifetime of 4 frames (age = 5)
Writing map data
Internal: JobTempAlloc has allocations that are more than the maximum lifespan of 4 frames old - this is not allowed and likely a leak
To Debug, run app with -diag-job-temp-memory-leak-validation cmd line argument. This will output the callstacks of the leaked allocations.
Internal: deleting an allocation that is older than its permitted lifetime of 4 frames (age = 7)
Internal: deleting an allocation that is older than its permitted lifetime of 4 frames (age = 7)
MusicManager: releasing addressable asset Base_Theme_v4.
MusicManager: start loading addressable asset [c5ae47d1c5a70a24a85ebe4e575e6d01].
MusicManager: loading addressable asset [[c5ae47d1c5a70a24a85ebe4e575e6d01]|Dirt_Biome_3_R1] complete.
MusicManager: releasing addressable asset Dirt_Biome_3_R1.
MusicManager: start loading addressable asset [93a15eae69234444bb84eb971ce4a05c].
MusicManager: loading addressable asset [[93a15eae69234444bb84eb971ce4a05c]|Larva_Biome_2] complete.
Internal: JobTempAlloc has allocations that are more than the maximum lifespan of 4 frames old - this is not allowed and likely a leak
To Debug, run app with -diag-job-temp-memory-leak-validation cmd line argument. This will output the callstacks of the leaked allocations.
Internal: deleting an allocation that is older than its permitted lifetime of 4 frames (age = 6)
Internal: deleting an allocation that is older than its permitted lifetime of 4 frames (age = 6)
Internal: JobTempAlloc has allocations that are more than the maximum lifespan of 4 frames old - this is not allowed and likely a leak
To Debug, run app with -diag-job-temp-memory-leak-validation cmd line argument. This will output the callstacks of the leaked allocations.
Internal: deleting an allocation that is older than its permitted lifetime of 4 frames (age = 8)
Internal: deleting an allocation that is older than its permitted lifetime of 4 frames (age = 8)
MusicManager: releasing addressable asset Larva_Biome_2.
MusicManager: start loading addressable asset [625ab2b94a439754886aaf14c6fc14c3].
MusicManager: loading addressable asset [[625ab2b94a439754886aaf14c6fc14c3]|Larva_Biome_1] complete.
Internal: deleting an allocation that is older than its permitted lifetime of 4 frames (age = 5)
Internal: deleting an allocation that is older than its permitted lifetime of 4 frames (age = 5)
MusicManager: releasing addressable asset Larva_Biome_1.
MusicManager: start loading addressable asset [86a7ce27920eff94fbd3a0ea0e369816].
MusicManager: loading addressable asset [[86a7ce27920eff94fbd3a0ea0e369816]|Larva_Biome_3] complete.
MusicManager: releasing addressable asset Larva_Biome_3.
MusicManager: start loading addressable asset [2b013c2bdc1753948a5524e50654f004].
MusicManager: loading addressable asset [[2b013c2bdc1753948a5524e50654f004]|Base_Theme_v4] complete.
Internal: JobTempAlloc has allocations that are more than the maximum lifespan of 4 frames old - this is not allowed and likely a leak
To Debug, run app with -diag-job-temp-memory-leak-validation cmd line argument. This will output the callstacks of the leaked allocations.
Internal: deleting an allocation that is older than its permitted lifetime of 4 frames (age = 6)
Internal: deleting an allocation that is older than its permitted lifetime of 4 frames (age = 6)
MusicManager: releasing addressable asset Base_Theme_v4.
MusicManager: start loading addressable asset [7b9afea50dec81146bf72588f3689bcf].
MusicManager: loading addressable asset [[7b9afea50dec81146bf72588f3689bcf]|Dirt_Biome_4] complete.
Internal: JobTempAlloc has allocations that are more than the maximum lifespan of 4 frames old - this is not allowed and likely a leak
To Debug, run app with -diag-job-temp-memory-leak-validation cmd line argument. This will output the callstacks of the leaked allocations.
MusicManager: releasing addressable asset Dirt_Biome_4.
MusicManager: start loading addressable asset [2b013c2bdc1753948a5524e50654f004].
MusicManager: loading addressable asset [[2b013c2bdc1753948a5524e50654f004]|Base_Theme_v4] complete.
Internal: JobTempAlloc has allocations that are more than the maximum lifespan of 4 frames old - this is not allowed and likely a leak
To Debug, run app with -diag-job-temp-memory-leak-validation cmd line argument. This will output the callstacks of the leaked allocations.
MusicManager: releasing addressable asset Base_Theme_v4.
MusicManager: start loading addressable asset [7b9afea50dec81146bf72588f3689bcf].
MusicManager: loading addressable asset [[7b9afea50dec81146bf72588f3689bcf]|Dirt_Biome_4] complete.
Internal: JobTempAlloc has allocations that are more than the maximum lifespan of 4 frames old - this is not allowed and likely a leak
To Debug, run app with -diag-job-temp-memory-leak-validation cmd line argument. This will output the callstacks of the leaked allocations.
Internal: JobTempAlloc has allocations that are more than the maximum lifespan of 4 frames old - this is not allowed and likely a leak
To Debug, run app with -diag-job-temp-memory-leak-validation cmd line argument. This will output the callstacks of the leaked allocations.
Internal: deleting an allocation that is older than its permitted lifetime of 4 frames (age = 5)
Internal: deleting an allocation that is older than its permitted lifetime of 4 frames (age = 5)
MusicManager: releasing addressable asset Dirt_Biome_4.
MusicManager: start loading addressable asset [c5ae47d1c5a70a24a85ebe4e575e6d01].
MusicManager: loading addressable asset [[c5ae47d1c5a70a24a85ebe4e575e6d01]|Dirt_Biome_3_R1] complete.
Internal: deleting an allocation that is older than its permitted lifetime of 4 frames (age = 6)
Internal: deleting an allocation that is older than its permitted lifetime of 4 frames (age = 6)
MusicManager: releasing addressable asset Dirt_Biome_3_R1.
MusicManager: start loading addressable asset [7b9afea50dec81146bf72588f3689bcf].
MusicManager: loading addressable asset [[7b9afea50dec81146bf72588f3689bcf]|Dirt_Biome_4] complete.
Internal: deleting an allocation that is older than its permitted lifetime of 4 frames (age = 6)
Internal: deleting an allocation that is older than its permitted lifetime of 4 frames (age = 6)
Internal: JobTempAlloc has allocations that are more than the maximum lifespan of 4 frames old - this is not allowed and likely a leak
To Debug, run app with -diag-job-temp-memory-leak-validation cmd line argument. This will output the callstacks of the leaked allocations.
MusicManager: releasing addressable asset Dirt_Biome_4.
MusicManager: start loading addressable asset [2b013c2bdc1753948a5524e50654f004].
MusicManager: loading addressable asset [[2b013c2bdc1753948a5524e50654f004]|Base_Theme_v4] complete.
Writing map data
InputManager: disabled control map Default.
InputManager: disabled control map Default.
InputManager: disabled control map Ingame.
InputManager: disabled control map Inventory.
InputManager: disabled control map MapView.
InputManager: disabled control map Vehicle.
InputManager: disabled control map UIModifierKeys.
InputManager: disabled control map MusicInstrument.
InputManager: disabled control map Default.
InputManager: disabled control map Default.
InputManager: disabled control map Ingame.
InputManager: disabled control map Inventory.
InputManager: disabled control map MapView.
InputManager: disabled control map Vehicle.
InputManager: disabled control map UIModifierKeys.
InputManager: disabled control map MusicInstrument.
timescale = 0
LoadManager.ExitGame: Exiting from inGame.
timescale = 1
InputManager: enabled control map Default.
InputManager: enabled control map Default.
InputManager: enabled control map Ingame.
InputManager: enabled control map Inventory.
InputManager: enabled control map MapView.
InputManager: enabled control map Vehicle.
InputManager: enabled control map UIModifierKeys.
InputManager: enabled control map MusicInstrument.
InputManager: enabled control map Default.
InputManager: enabled control map Default.
InputManager: enabled control map Ingame.
InputManager: enabled control map Inventory.
InputManager: enabled control map MapView.
InputManager: enabled control map Vehicle.
InputManager: enabled control map UIModifierKeys.
InputManager: enabled control map MusicInstrument.
PlayFabPartyNetworking.UnregisterFromPlayFabEvents
PlayFabPartySessionWrapper.StopSession
PlayFabPartySessionWrapper.StopSession: Ending platform session.
PlayFabPartySessionWrapper.StopSession: left platform session.
PlayFabPartySessionWrapper.StopSession: Leave lobby.
OnFree called for Kak4 (Player(Clone))
PlayFabPartySessionWrapper.StopSession: Tried to stop session while it is already being stopped.
PlayFabPartyNetworking.UnregisterFromPlayFabEvents
CloudSyncUp
Pool<TorchParticles>: Trying to free an object that is not allocated (instanceID=-798002, name=TorchParticles(Clone))
Pool<TorchParticles>: Trying to free an object that is not allocated (instanceID=-797650, name=TorchParticles(Clone))
Pool<TorchParticles>: Trying to free an object that is not allocated (instanceID=-797694, name=TorchParticles(Clone))
Pool<TorchParticles>: Trying to free an object that is not allocated (instanceID=-797782, name=TorchParticles(Clone))
Pool<TorchParticles>: Trying to free an object that is not allocated (instanceID=-797980, name=TorchParticles(Clone))
Pool<TorchParticles>: Trying to free an object that is not allocated (instanceID=-797936, name=TorchParticles(Clone))
Pool<TorchParticles>: Trying to free an object that is not allocated (instanceID=-797958, name=TorchParticles(Clone))
Pool<TorchParticles>: Trying to free an object that is not allocated (instanceID=-798090, name=TorchParticles(Clone))
Pool<TorchParticles>: Trying to free an object that is not allocated (instanceID=-797826, name=TorchParticles(Clone))
Pool<TorchParticles>: Trying to free an object that is not allocated (instanceID=-798068, name=TorchParticles(Clone))
Pool<TorchParticles>: Trying to free an object that is not allocated (instanceID=-797760, name=TorchParticles(Clone))
Pool<TorchParticles>: Trying to free an object that is not allocated (instanceID=-797804, name=TorchParticles(Clone))
Pool<TorchParticles>: Trying to free an object that is not allocated (instanceID=-797738, name=TorchParticles(Clone))
Pool<TorchParticles>: Trying to free an object that is not allocated (instanceID=-798112, name=TorchParticles(Clone))
Pool<TorchParticles>: Trying to free an object that is not allocated (instanceID=-798046, name=TorchParticles(Clone))
Pool<TorchParticles>: Trying to free an object that is not allocated (instanceID=-797914, name=TorchParticles(Clone))
Unloading 3 Unused Serialized files (Serialized files now loaded: 7)
UnloadTime: 8.923056 ms
MusicManager: releasing addressable asset Base_Theme_v4.
MusicManager: start loading addressable asset [cc83026275aa73a4381a3c8c1b855b86].
Unloading 131 unused Assets to reduce memory usage. Loaded Objects now: 593136.
Total: 98.087177 ms (FindLiveObjects: 27.548636 ms CreateObjectMapping: 7.815789 ms MarkObjects: 61.929526 ms  DeleteObjects: 0.792597 ms)

Unloading 1 Unused Serialized files (Serialized files now loaded: 7)
Unloading 0 unused Assets to reduce memory usage. Loaded Objects now: 593136.
Total: 152.440061 ms (FindLiveObjects: 28.569788 ms CreateObjectMapping: 8.208538 ms MarkObjects: 114.759345 ms  DeleteObjects: 0.901694 ms)

MusicManager: loading addressable asset [[cc83026275aa73a4381a3c8c1b855b86]|Main_Menu] complete.
handle that is not valid 0x80070006
 #0 ???
 #1 ???
 #2  (Mono JIT Code) (wrapper managed-to-native) UnityEngine.DebugLogHandler:Internal_Log_Injected (UnityEngine.LogType,UnityEngine.LogOption,UnityEngine.Bindings.ManagedSpanWrapper&,intptr)
 #3  (Mono JIT Code) UnityEngine.DebugLogHandler:LogFormat (UnityEngine.LogType,UnityEngine.Object,string,object[])
 #4  (Mono JIT Code) UnityEngine.Logger:Log (UnityEngine.LogType,object)
 #5 ???
 #6 ???
 #7 mono_runtime_invoke
 #8 ???
 #9 ???
 #10 ???
 #11 ???
 #12  (Mono JIT Code) (wrapper managed-to-native) UnityEngine.MonoBehaviour:StartCoroutineManaged2_Injected (intptr,System.Collections.IEnumerator)
 #13  (Mono JIT Code) (wrapper runtime-invoke) object:runtime_invoke_void__this__ (object,intptr,intptr,intptr)
 #14 ???
 #15 ???
 #16 mono_runtime_invoke
 #17 ???
 #18 ???
 #19 ???
 #20 ???
 #21 ???
 #22 PlayerMain(int, char**)
 #23 ???
 #24 __libc_start_main
 #25 ???

/Lobby/LeaveLobby: LobbyId required.
 #0 ???
 #1 ???
 #2  (Mono JIT Code) (wrapper managed-to-native) UnityEngine.DebugLogHandler:Internal_Log_Injected (UnityEngine.LogType,UnityEngine.LogOption,UnityEngine.Bindings.ManagedSpanWrapper&,intptr)
 #3  (Mono JIT Code) UnityEngine.DebugLogHandler:LogFormat (UnityEngine.LogType,UnityEngine.Object,string,object[])
 #4  (Mono JIT Code) UnityEngine.Logger:Log (UnityEngine.LogType,object)
 #5  (Mono JIT Code) PlayFab.Internal.PlayFabUnityHttp/<Post>d__12:MoveNext ()
 #6  (Mono JIT Code) UnityEngine.SetupCoroutine:InvokeMoveNext (System.Collections.IEnumerator,intptr)
 #7 ???
 #8 ???
 #9 mono_runtime_invoke
 #10 ???
 #11 ???
 #12 ???
 #13 ???
 #14 ???
 #15 ???
 #16 ???
 #17 ???
 #18 PlayerMain(int, char**)
 #19 ???
 #20 __libc_start_main
 #21 ???

PlayFabLobbyManager.LeaveLobby: Failed to leave PlayFab lobby: Error/Unknown.
PlayFabPartySessionWrapper.StopSession: Failed to leave lobby: Error/Unknown.
 #0 ???
 #1 ???
 #2  (Mono JIT Code) (wrapper managed-to-native) UnityEngine.DebugLogHandler:Internal_Log_Injected (UnityEngine.LogType,UnityEngine.LogOption,UnityEngine.Bindings.ManagedSpanWrapper&,intptr)
 #3  (Mono JIT Code) UnityEngine.DebugLogHandler:LogFormat (UnityEngine.LogType,UnityEngine.Object,string,object[])
 #4  (Mono JIT Code) UnityEngine.Logger:Log (UnityEngine.LogType,object)
 #5  (Mono JIT Code) System.Runtime.CompilerServices.AsyncMethodBuilderCore/MoveNextRunner:InvokeMoveNext (object)
 #6  (Mono JIT Code) System.Threading.ExecutionContext:Run (System.Threading.ExecutionContext,System.Threading.ContextCallback,object,bool)
 #7  (Mono JIT Code) System.Threading.Tasks.AwaitTaskContinuation:RunOrScheduleAction (System.Action,bool,System.Threading.Tasks.Task&)
 #8  (Mono JIT Code) System.Threading.Tasks.Task:FinishContinuations ()
 #9  (Mono JIT Code) System.Threading.Tasks.Task:FinishStageThree ()
 #10  (Mono JIT Code) System.Runtime.CompilerServices.AsyncMethodBuilderCore/MoveNextRunner:InvokeMoveNext (object)
 #11  (Mono JIT Code) System.Threading.ExecutionContext:Run (System.Threading.ExecutionContext,System.Threading.ContextCallback,object,bool)
 #12  (Mono JIT Code) System.Threading.Tasks.AwaitTaskContinuation:RunOrScheduleAction (System.Action,bool,System.Threading.Tasks.Task&)
 #13  (Mono JIT Code) System.Threading.Tasks.Task:FinishContinuations ()
 #14  (Mono JIT Code) System.Threading.Tasks.Task:FinishStageThree ()
 #15  (Mono JIT Code) System.Runtime.CompilerServices.AsyncMethodBuilderCore/MoveNextRunner:InvokeMoveNext (object)
 #16  (Mono JIT Code) System.Threading.ExecutionContext:Run (System.Threading.ExecutionContext,System.Threading.ContextCallback,object,bool)
 #17  (Mono JIT Code) System.Threading.Tasks.AwaitTaskContinuation:System.Threading.IThreadPoolWorkItem.ExecuteWorkItem ()
 #18  (Mono JIT Code) System.Threading._ThreadPoolWaitCallback:PerformWaitCallback ()
 #19 ???
 #20 ???
 #21 ???
 #22 ???
 #23 ???
 #24 ???
 #25 GC_inner_start_routine
 #26 GC_start_routine
 #27 ???
 #28 ???

PlayFabPartySessionWrapper.StopSession: Leaving PlayFabPartyNetwork.
PlayFabPartySessionWrapper.StopSession: Successfully left PlayFabPartyNetwork.
PlayFabPartySessionWrapper.StopSession: Starting user logout.
PlayFabPartySessionWrapper.StopSession: User logged out.
PlayFabPartySessionWrapper.StopSession: Session stop complete.
MusicManager: replaying currently playing asset reference for clip [cc83026275aa73a4381a3c8c1b855b86] instead of reloading the asset.
Got quit request
waiting for ModIO shutdown
Exit blocked by ModManager
Quit blocked
Got quit request
Running quit handlers
PlayFabPartySessionWrapper.StopSession
PlayFabPartySessionWrapper.StopSession: Ending platform session.
PlayFabPartySessionWrapper.StopSession: left platform session.
PlayFabPartySessionWrapper.StopSession: Leave lobby.
PlayFabLobbyManager.LeaveLobbyInternal: can't leave a lobby since we don't have a current one at the moment.
PlayFabPartySessionWrapper.StopSession: left lobby.
PlayFabPartySessionWrapper.StopSession: Leaving PlayFabPartyNetwork.
PlayFabPartySessionWrapper.LeaveNetworkAsync: Tried to leave network, but not currently connected to a network.
PlayFabPartySessionWrapper.StopSession: Successfully left PlayFabPartyNetwork.
PlayFabPartySessionWrapper.StopSession: Starting user logout.
PlayFabPartySessionWrapper.StopSession: User logged out.
PlayFabPartySessionWrapper.StopSession: Session stop complete.
PlayFabPartyNetworking.UnregisterFromPlayFabEvents
CloudSyncUp
PlatformManager was destroyed
[Physics::Module] Cleanup current backned.
[Physics::Module] Id: 0xf2b8ea05
Input System module state changed to: ShutdownInProgress.
Input System polling thread exited.
Input System module state changed to: Shutdown.
Vulkan PSO: data extracted [new size=4062604, old size=0, incomplete=0]
Vulkan PSO: Saved size[4062604] path[/tmp/Pugstorm/Core Keeper/vulkan_pso_cache.bin] success=1 headerChanged=1 sizeChanged=1
GarbageCollector disposing of ComputeBuffer. Please use ComputeBuffer.Release() or .Dispose() to manually release the buffer.
GarbageCollector disposing of ComputeBuffer. Please use ComputeBuffer.Release() or .Dispose() to manually release the buffer.
GarbageCollector disposing of ComputeBuffer. Please use ComputeBuffer.Release() or .Dispose() to manually release the buffer.
GarbageCollector disposing of ComputeBuffer. Please use ComputeBuffer.Release() or .Dispose() to manually release the buffer.
GarbageCollector disposing of ComputeBuffer. Please use ComputeBuffer.Release() or .Dispose() to manually release the buffer.
GarbageCollector disposing of ComputeBuffer. Please use ComputeBuffer.Release() or .Dispose() to manually release the buffer.
GarbageCollector disposing of ComputeBuffer. Please use ComputeBuffer.Release() or .Dispose() to manually release the buffer.
GarbageCollector disposing of ComputeBuffer. Please use ComputeBuffer.Release() or .Dispose() to manually release the buffer.
GarbageCollector disposing of ComputeBuffer. Please use ComputeBuffer.Release() or .Dispose() to manually release the buffer.
GarbageCollector disposing of ComputeBuffer. Please use ComputeBuffer.Release() or .Dispose() to manually release the buffer.
GarbageCollector disposing of ComputeBuffer. Please use ComputeBuffer.Release() or .Dispose() to manually release the buffer.
GarbageCollector disposing of ComputeBuffer. Please use ComputeBuffer.Release() or .Dispose() to manually release the buffer.
GarbageCollector disposing of ComputeBuffer. Please use ComputeBuffer.Release() or .Dispose() to manually release the buffer.
GarbageCollector disposing of ComputeBuffer. Please use ComputeBuffer.Release() or .Dispose() to manually release the buffer.
GarbageCollector disposing of ComputeBuffer. Please use ComputeBuffer.Release() or .Dispose() to manually release the buffer.
GarbageCollector disposing of ComputeBuffer. Please use ComputeBuffer.Release() or .Dispose() to manually release the buffer.
GarbageCollector disposing of ComputeBuffer. Please use ComputeBuffer.Release() or .Dispose() to manually release the buffer.
GarbageCollector disposing of ComputeBuffer. Please use ComputeBuffer.Release() or .Dispose() to manually release the buffer.
GarbageCollector disposing of ComputeBuffer. Please use ComputeBuffer.Release() or .Dispose() to manually release the buffer.
GarbageCollector disposing of ComputeBuffer. Please use ComputeBuffer.Release() or .Dispose() to manually release the buffer.
GarbageCollector disposing of ComputeBuffer. Please use ComputeBuffer.Release() or .Dispose() to manually release the buffer.
GarbageCollector disposing of ComputeBuffer. Please use ComputeBuffer.Release() or .Dispose() to manually release the buffer.
GarbageCollector disposing of ComputeBuffer. Please use ComputeBuffer.Release() or .Dispose() to manually release the buffer.
GarbageCollector disposing of ComputeBuffer. Please use ComputeBuffer.Release() or .Dispose() to manually release the buffer.
GarbageCollector disposing of ComputeBuffer. Please use ComputeBuffer.Release() or .Dispose() to manually release the buffer.
GarbageCollector disposing of ComputeBuffer. Please use ComputeBuffer.Release() or .Dispose() to manually release the buffer.
GarbageCollector disposing of ComputeBuffer. Please use ComputeBuffer.Release() or .Dispose() to manually release the buffer.
GarbageCollector disposing of ComputeBuffer. Please use ComputeBuffer.Release() or .Dispose() to manually release the buffer.
GarbageCollector disposing of ComputeBuffer. Please use ComputeBuffer.Release() or .Dispose() to manually release the buffer.
GarbageCollector disposing of ComputeBuffer. Please use ComputeBuffer.Release() or .Dispose() to manually release the buffer.
GarbageCollector disposing of ComputeBuffer. Please use ComputeBuffer.Release() or .Dispose() to manually release the buffer.
GarbageCollector disposing of ComputeBuffer. Please use ComputeBuffer.Release() or .Dispose() to manually release the buffer.
Internal: There are remaining Allocations on the JobTempAlloc. This is a leak, and will impact performance
To Debug, run app with -diag-job-temp-memory-leak-validation cmd line argument. This will output the callstacks of the leaked allocations.
