[2025-Aug-31 11:59:23.289 +07:00][97700:97700][info ] Logging initialized
[2025-Aug-31 11:59:23.289 +07:00][97700:97700][info ] Initializing krisp SDK...
[2025-Aug-31 11:59:23.289 +07:00][97700:97700][info ] DoKrispInitialize
[2025-Aug-31 11:59:23.705 +07:00][97700:97700][info ] LoadDynamicKrisp
[2025-Aug-31 11:59:23.705 +07:00][97700:97700][info ] Did not find KRISP_DYLIB_PATH, skipping dynamic loading
[2025-Aug-31 11:59:23.705 +07:00][97700:97700][info ] Initializing Krisp SDK in PID 97700, addr 0x7fd924b248d0
[2025-Aug-31 11:59:23.706 +07:00][97700:97700][info ] Initialized Krisp SDK successfully
[2025-Aug-31 11:59:23.706 +07:00][97700:97700][info ] Krisp SDK initialized
[2025-Aug-31 18:39:38.535 +07:00][40399:40399][info ] Logging initialized
[2025-Aug-31 18:39:38.535 +07:00][40399:40399][info ] Initializing krisp SDK...
[2025-Aug-31 18:39:38.535 +07:00][40399:40399][info ] DoKrispInitialize
[2025-Aug-31 18:39:38.921 +07:00][40399:40399][info ] LoadDynamicKrisp
[2025-Aug-31 18:39:38.921 +07:00][40399:40399][info ] Did not find KRISP_DYLIB_PATH, skipping dynamic loading
[2025-Aug-31 18:39:38.921 +07:00][40399:40399][info ] Initializing Krisp SDK in PID 40399, addr 0x7f4d90f248d0
[2025-Aug-31 18:39:38.922 +07:00][40399:40399][info ] Initialized Krisp SDK successfully
[2025-Aug-31 18:39:38.922 +07:00][40399:40399][info ] Krisp SDK initialized
[2025-Aug-31 20:42:14.870 +07:00][15975:15975][info ] Logging initialized
[2025-Aug-31 20:42:14.870 +07:00][15975:15975][info ] Initializing krisp SDK...
[2025-Aug-31 20:42:14.870 +07:00][15975:15975][info ] DoKrispInitialize
[2025-Aug-31 20:42:15.253 +07:00][15975:15975][info ] LoadDynamicKrisp
[2025-Aug-31 20:42:15.253 +07:00][15975:15975][info ] Did not find KRISP_DYLIB_PATH, skipping dynamic loading
[2025-Aug-31 20:42:15.253 +07:00][15975:15975][info ] Initializing Krisp SDK in PID 15975, addr 0x7f4b3d9248d0
[2025-Aug-31 20:42:15.254 +07:00][15975:15975][info ] Initialized Krisp SDK successfully
[2025-Aug-31 20:42:15.254 +07:00][15975:15975][info ] Krisp SDK initialized
[2025-Sep-01 08:42:20.260 +07:00][ 3627: 3627][info ] Logging initialized
[2025-Sep-01 08:42:20.260 +07:00][ 3627: 3627][info ] Initializing krisp SDK...
[2025-Sep-01 08:42:20.260 +07:00][ 3627: 3627][info ] DoKrispInitialize
[2025-Sep-01 08:42:20.724 +07:00][ 3627: 3627][info ] LoadDynamicKrisp
[2025-Sep-01 08:42:20.724 +07:00][ 3627: 3627][info ] Did not find KRISP_DYLIB_PATH, skipping dynamic loading
[2025-Sep-01 08:42:20.724 +07:00][ 3627: 3627][info ] Initializing Krisp SDK in PID 3627, addr 0x7f0e3d5248d0
[2025-Sep-01 08:42:20.726 +07:00][ 3627: 3627][info ] Initialized Krisp SDK successfully
[2025-Sep-01 08:42:20.726 +07:00][ 3627: 3627][info ] Krisp SDK initialized
[2025-Sep-01 08:42:22.678 +07:00][ 3627: 3627][info ] Logging initialized
[2025-Sep-01 08:42:22.678 +07:00][ 3627: 3627][info ] Initializing krisp SDK...
[2025-Sep-01 08:42:22.678 +07:00][ 3627: 3627][info ] Krisp SDK initialized
[2025-Sep-01 23:30:24.391 +07:00][ 6577: 6577][info ] Logging initialized
[2025-Sep-01 23:30:24.391 +07:00][ 6577: 6577][info ] Initializing krisp SDK...
[2025-Sep-01 23:30:24.391 +07:00][ 6577: 6577][info ] DoKrispInitialize
[2025-Sep-01 23:30:24.870 +07:00][ 6577: 6577][info ] LoadDynamicKrisp
[2025-Sep-01 23:30:24.870 +07:00][ 6577: 6577][info ] Did not find KRISP_DYLIB_PATH, skipping dynamic loading
[2025-Sep-01 23:30:24.870 +07:00][ 6577: 6577][info ] Initializing Krisp SDK in PID 6577, addr 0x7efef87248d0
[2025-Sep-01 23:30:24.871 +07:00][ 6577: 6577][info ] Initialized Krisp SDK successfully
[2025-Sep-01 23:30:24.871 +07:00][ 6577: 6577][info ] Krisp SDK initialized
[2025-Sep-02 14:35:18.914 +07:00][ 5753: 5753][info ] Logging initialized
[2025-Sep-02 14:35:18.914 +07:00][ 5753: 5753][info ] Initializing krisp SDK...
[2025-Sep-02 14:35:18.914 +07:00][ 5753: 5753][info ] DoKrispInitialize
[2025-Sep-02 14:35:19.427 +07:00][ 5753: 5753][info ] LoadDynamicKrisp
[2025-Sep-02 14:35:19.427 +07:00][ 5753: 5753][info ] Did not find KRISP_DYLIB_PATH, skipping dynamic loading
[2025-Sep-02 14:35:19.427 +07:00][ 5753: 5753][info ] Initializing Krisp SDK in PID 5753, addr 0x7f05b7b248d0
[2025-Sep-02 14:35:19.429 +07:00][ 5753: 5753][info ] Initialized Krisp SDK successfully
[2025-Sep-02 14:35:19.429 +07:00][ 5753: 5753][info ] Krisp SDK initialized
[2025-Sep-06 11:16:44.669 +07:00][59876:59876][info ] Logging initialized
[2025-Sep-06 11:16:44.669 +07:00][59876:59876][info ] Initializing krisp SDK...
[2025-Sep-06 11:16:44.669 +07:00][59876:59876][info ] DoKrispInitialize
[2025-Sep-06 11:16:44.980 +07:00][59876:59876][info ] LoadDynamicKrisp
[2025-Sep-06 11:16:44.980 +07:00][59876:59876][info ] Did not find KRISP_DYLIB_PATH, skipping dynamic loading
[2025-Sep-06 11:16:44.980 +07:00][59876:59876][info ] Initializing Krisp SDK in PID 59876, addr 0x7fe59a124e70
[2025-Sep-06 11:16:44.980 +07:00][59876:59876][info ] Initialized Krisp SDK successfully
[2025-Sep-06 11:16:44.980 +07:00][59876:59876][info ] Krisp SDK initialized
[2025-Sep-08 09:30:47.041 +07:00][ 5785: 5785][info ] Logging initialized
[2025-Sep-08 09:30:47.041 +07:00][ 5785: 5785][info ] Initializing krisp SDK...
[2025-Sep-08 09:30:47.041 +07:00][ 5785: 5785][info ] DoKrispInitialize
[2025-Sep-08 09:30:47.429 +07:00][ 5785: 5785][info ] LoadDynamicKrisp
[2025-Sep-08 09:30:47.429 +07:00][ 5785: 5785][info ] Did not find KRISP_DYLIB_PATH, skipping dynamic loading
[2025-Sep-08 09:30:47.429 +07:00][ 5785: 5785][info ] Initializing Krisp SDK in PID 5785, addr 0x7fe069f24e70
[2025-Sep-08 09:30:47.430 +07:00][ 5785: 5785][info ] Initialized Krisp SDK successfully
[2025-Sep-08 09:30:47.430 +07:00][ 5785: 5785][info ] Krisp SDK initialized
[2025-Sep-09 08:34:29.920 +07:00][ 6366: 6366][info ] Logging initialized
[2025-Sep-09 08:34:29.920 +07:00][ 6366: 6366][info ] Initializing krisp SDK...
[2025-Sep-09 08:34:29.920 +07:00][ 6366: 6366][info ] DoKrispInitialize
[2025-Sep-09 08:34:30.386 +07:00][ 6366: 6366][info ] LoadDynamicKrisp
[2025-Sep-09 08:34:30.386 +07:00][ 6366: 6366][info ] Did not find KRISP_DYLIB_PATH, skipping dynamic loading
[2025-Sep-09 08:34:30.386 +07:00][ 6366: 6366][info ] Initializing Krisp SDK in PID 6366, addr 0x7e1e3fd24e70
[2025-Sep-09 08:34:30.388 +07:00][ 6366: 6366][info ] Initialized Krisp SDK successfully
[2025-Sep-09 08:34:30.388 +07:00][ 6366: 6366][info ] Krisp SDK initialized
